This is TeX, Version 3.14159 (Web2C 7.3.2x) (format=latex 2000.11.2)  4 SEP 2002 16:16
**./images.tex
(./images.tex
LaTeX2e <1999/12/01> patch level 1
Babel <v3.6Z> and hyphenation patterns for english, french, german, ngerman, du
mylang, nohyphenation, loaded.

(/opt-cassandra/TeXLive5/texmf/tex/latex/base/article.cls
Document Class: article 1999/09/10 v1.4a Standard LaTeX document class
(/opt-cassandra/TeXLive5/texmf/tex/latex/base/size10.clo
File: size10.clo 1999/09/10 v1.4a Standard LaTeX file (size option)
)
\c@part=\count79
\c@section=\count80
\c@subsection=\count81
\c@subsubsection=\count82
\c@paragraph=\count83
\c@subparagraph=\count84
\c@figure=\count85
\c@table=\count86
\abovecaptionskip=\skip41
\belowcaptionskip=\skip42
\bibindent=\dimen102
) (/opt-cassandra/TeXLive5/texmf/tex/latex/graphics/color.sty
Package: color 1999/02/16 v1.0i Standard LaTeX Color (DPC)
(/opt-cassandra/TeXLive5/texmf/tex/latex/texlive/color.cfg)
Package color Info: Driver file: dvips.def on input line 125.
(/opt-cassandra/TeXLive5/texmf/tex/latex/graphics/dvips.def
File: dvips.def 1999/02/16 v3.0i Driver-dependant file (DPC,SPQR)
) (/opt-cassandra/TeXLive5/texmf/tex/latex/graphics/dvipsnam.def
File: dvipsnam.def 1999/02/16 v3.0i Driver-dependant file (DPC,SPQR)
))
\sizebox=\box26
\lthtmlwrite=\write3
(./images.aux)
\openout1 = `images.aux'.

LaTeX Font Info:    Checking defaults for OML/cmm/m/it on input line 81.
LaTeX Font Info:    ... okay on input line 81.
LaTeX Font Info:    Checking defaults for T1/cmr/m/n on input line 81.
LaTeX Font Info:    ... okay on input line 81.
LaTeX Font Info:    Checking defaults for OT1/cmr/m/n on input line 81.
LaTeX Font Info:    ... okay on input line 81.
LaTeX Font Info:    Checking defaults for OMS/cmsy/m/n on input line 81.
LaTeX Font Info:    ... okay on input line 81.
LaTeX Font Info:    Checking defaults for OMX/cmex/m/n on input line 81.
LaTeX Font Info:    ... okay on input line 81.
LaTeX Font Info:    Checking defaults for U/cmr/m/n on input line 81.
LaTeX Font Info:    ... okay on input line 81.
latex2htmlLength hsize=349.0pt
latex2htmlLength vsize=645.16pt
latex2htmlLength hoffset=0.0pt
latex2htmlLength voffset=0.0pt
latex2htmlLength topmargin=0.0pt
latex2htmlLength topskip=0.00003pt
latex2htmlLength headheight=0.0pt
latex2htmlLength headsep=0.0pt
latex2htmlLength parskip=0.0pt plus 1.0pt
latex2htmlLength oddsidemargin=0.0pt
latex2htmlLength evensidemargin=0.0pt
LaTeX Font Info:    External font `cmex10' loaded for size
(Font)              <7> on input line 99.
LaTeX Font Info:    External font `cmex10' loaded for size
(Font)              <5> on input line 99.
l2hSize :tex2html_wrap_inline45:6.45831pt::0.0pt::7.7778pt.
[1


]
l2hSize :tex2html_wrap_inline10:6.45831pt::0.0pt::5.00002pt.
[2


]
l2hSize :tex2html_wrap_inline47:6.45831pt::0.0pt::5.00002pt.
[3


]
l2hSize :tex2html_wrap_inline49:6.45831pt::0.0pt::10.00002pt.
[4


]
l2hSize :tex2html_wrap_inline51:6.45831pt::0.0pt::10.00002pt.
[5


] (./images.aux) ) 
Here is how much of TeX's memory you used:
 516 strings out of 10872
 6775 string characters out of 70739
 47715 words of memory out of 263001
 3495 multiletter control sequences out of 10000+0
 3640 words of font info for 14 fonts, out of 200000 for 1000
 14 hyphenation exceptions out of 1000
 23i,5n,19p,182b,217s stack positions out of 300i,100n,500p,200000b,4000s

Output written on images.dvi (5 pages, 1092 bytes).
