This is TeX, Version 3.14159 (Web2C 7.3.3.1) (format=latex 2001.9.20)  12 MAR 2002 13:50
**./images.tex
(./images.tex
LaTeX2e <2000/06/01>
Loading CZ hyphenation patterns: Pavel Sevecek, v3, 1995
Loading SK hyphenation patterns: Jana Chlebikova, 1992
Babel <v3.7h> and hyphenation patterns for english, dumylang, nohyphenation, cz
ech, slovak, german, ngerman, danish, spanish, catalan, finnish, french, ukengl
ish, greek, croatian, hungarian, italian, latin, mongolian, dutch, norwegian, p
olish, portuguese, russian, ukrainian, serbocroat, swedish, loaded.

(/opt-cassandra/TeXLive6/texmf/tex/latex/base/article.cls
Document Class: article 2000/05/19 v1.4b Standard LaTeX document class
(/opt-cassandra/TeXLive6/texmf/tex/latex/base/size12.clo
File: size12.clo 2000/05/19 v1.4b Standard LaTeX file (size option)
)
\c@part=\count79
\c@section=\count80
\c@subsection=\count81
\c@subsubsection=\count82
\c@paragraph=\count83
\c@subparagraph=\count84
\c@figure=\count85
\c@table=\count86
\abovecaptionskip=\skip41
\belowcaptionskip=\skip42
\bibindent=\dimen102
) (/opt-cassandra/TeXLive6/texmf/tex/generic/dvips/epsf.sty
This is `epsf.tex' v2.7 <25 October 1996>
\epsffilein=\read1
\epsfframemargin=\dimen103
\epsfframethickness=\dimen104
\epsfrsize=\dimen105
\epsftmp=\dimen106
\epsftsize=\dimen107
\epsfxsize=\dimen108
\epsfysize=\dimen109
\pspoints=\dimen110
) (/opt-cassandra/TeXLive6/texmf/tex/latex/amslatex/amsmath.sty
Package: amsmath 2000/07/18 v2.13 AMS math features
\@mathmargin=\skip43
For additional information on amsmath, use the `?' option.
(/opt-cassandra/TeXLive6/texmf/tex/latex/amslatex/amstext.sty
Package: amstext 2000/06/29 v2.01
(/opt-cassandra/TeXLive6/texmf/tex/latex/amslatex/amsgen.sty
File: amsgen.sty 1999/11/30 v2.0
\@emptytoks=\toks14
\ex@=\dimen111
)) (/opt-cassandra/TeXLive6/texmf/tex/latex/amslatex/amsbsy.sty
Package: amsbsy 1999/11/29 v1.2d
\pmbraise@=\dimen112
) (/opt-cassandra/TeXLive6/texmf/tex/latex/amslatex/amsopn.sty
Package: amsopn 1999/12/14 v2.01 operator names
)
\inf@bad=\count87
LaTeX Info: Redefining \frac on input line 211.
\uproot@=\count88
\leftroot@=\count89
LaTeX Info: Redefining \overline on input line 307.
\classnum@=\count90
\DOTSCASE@=\count91
LaTeX Info: Redefining \ldots on input line 379.
LaTeX Info: Redefining \dots on input line 382.
LaTeX Info: Redefining \cdots on input line 467.
\Mathstrutbox@=\box26
\strutbox@=\box27
\big@size=\dimen113
LaTeX Font Info:    Redeclaring font encoding OML on input line 567.
LaTeX Font Info:    Redeclaring font encoding OMS on input line 568.
\macc@depth=\count92
\c@MaxMatrixCols=\count93
\dotsspace@=\muskip10
\c@parentequation=\count94
\dspbrk@lvl=\count95
\tag@help=\toks15
\row@=\count96
\column@=\count97
\maxfields@=\count98
\andhelp@=\toks16
\eqnshift@=\dimen114
\alignsep@=\dimen115
\tagshift@=\dimen116
\tagwidth@=\dimen117
\totwidth@=\dimen118
\lineht@=\dimen119
\@envbody=\toks17
\multlinegap=\skip44
\multlinetaggap=\skip45
\mathdisplay@stack=\toks18
LaTeX Info: Redefining \[ on input line 2666.
LaTeX Info: Redefining \] on input line 2667.
) (/opt-cassandra/TeXLive6/texmf/tex/latex/graphics/color.sty
Package: color 1999/02/16 v1.0i Standard LaTeX Color (DPC)
(/opt-cassandra/TeXLive6/texmf/tex/latex/texlive/color.cfg
File: color.cfg 2001/03/31 v1.0 color configuration of teTeX/TeXLive
)
Package color Info: Driver file: dvips.def on input line 125.
(/opt-cassandra/TeXLive6/texmf/tex/latex/graphics/dvips.def
File: dvips.def 1999/02/16 v3.0i Driver-dependant file (DPC,SPQR)
) (/opt-cassandra/TeXLive6/texmf/tex/latex/graphics/dvipsnam.def
File: dvipsnam.def 1999/02/16 v3.0i Driver-dependant file (DPC,SPQR)
))
\sizebox=\box28
\lthtmlwrite=\write3
(./images.aux)
\openout1 = `images.aux'.

LaTeX Font Info:    Checking defaults for OML/cmm/m/it on input line 84.
LaTeX Font Info:    ... okay on input line 84.
LaTeX Font Info:    Checking defaults for T1/cmr/m/n on input line 84.
LaTeX Font Info:    ... okay on input line 84.
LaTeX Font Info:    Checking defaults for OT1/cmr/m/n on input line 84.
LaTeX Font Info:    ... okay on input line 84.
LaTeX Font Info:    Checking defaults for OMS/cmsy/m/n on input line 84.
LaTeX Font Info:    ... okay on input line 84.
LaTeX Font Info:    Checking defaults for OMX/cmex/m/n on input line 84.
LaTeX Font Info:    ... okay on input line 84.
LaTeX Font Info:    Checking defaults for U/cmr/m/n on input line 84.
LaTeX Font Info:    ... okay on input line 84.
latex2htmlLength hsize=349.0pt
latex2htmlLength vsize=681.295pt
latex2htmlLength hoffset=0.0pt
latex2htmlLength voffset=0.0pt
latex2htmlLength topmargin=0.0pt
latex2htmlLength topskip=0.00003pt
latex2htmlLength headheight=0.0pt
latex2htmlLength headsep=0.0pt
latex2htmlLength parskip=0.0pt plus 1.0pt
latex2htmlLength oddsidemargin=0.0pt
latex2htmlLength evensidemargin=0.0pt

Overfull \hbox (72.8696pt too wide) detected at line 106
[][] []\OML/cmm/m/it/12 dt;      [][] []dt;      [][] []dt;      [][] []dt:
 []

l2hSize :displaymath242:33.24715pt::0.0pt::349.0pt.
[1


]
l2hSize :tex2html_wrap_inline288:7.75pt::0.0pt::33.01909pt.
[2


]
l2hSize :tex2html_wrap_inline290:9.5pt::9.5pt::28.26917pt.
[3


]
l2hSize :tex2html_wrap_inline292:8.66922pt::8.66922pt::10.90012pt.
[4


]
l2hSize :tex2html_wrap_inline294:8.66922pt::8.66922pt::10.90012pt.
[5


]
l2hSize :tex2html_wrap_inline296:8.66922pt::8.66922pt::10.90012pt.
[6


]
l2hSize :eqnarraystar46:36.93732pt::0.0pt::349.0pt.
[7


]
l2hSize :tex2html_wrap_inline308:7.75pt::0.0pt::7.09578pt.
[8


]
l2hSize :tex2html_wrap_inline312:8.66922pt::8.66922pt::19.40024pt.
[9


]
l2hSize :tex2html_wrap_inline314:12.15562pt::12.15562pt::50.42126pt.
[10


]
l2hSize :tex2html_wrap_inline318:10.70006pt::10.70006pt::29.5285pt.
[11


]
l2hSize :displaymath246:37.2225pt::0.0pt::349.0pt.
[12


]
l2hSize :tex2html_wrap_inline328:9.5pt::9.5pt::39.14195pt.
[13


]
l2hSize :eqnarraystar68:83.10056pt::0.0pt::349.0pt.
[14


]
l2hSize :displaymath249:37.2225pt::0.0pt::349.0pt.
[15


]
l2hSize :eqnarraystar76:81.24847pt::0.0pt::349.0pt.
[16


]
l2hSize :displaymath250:37.2225pt::0.0pt::349.0pt.
[17


]
l2hSize :displaymath251:24.0pt::0.0pt::349.0pt.
[18


]
l2hSize :displaymath252:24.0pt::0.0pt::349.0pt.
[19


]
l2hSize :displaymath253:30.8495pt::0.0pt::349.0pt.
[20


]
l2hSize :displaymath254:36.30028pt::0.0pt::349.0pt.
[21


]
l2hSize :eqnarraystar106:53.16565pt::0.0pt::349.0pt.
[22


]
Overfull \hbox (122.02887pt too wide) in alignment at lines 268--289
 [][][] []
 []

l2hSize :eqnarraystar121:203.40263pt::0.0pt::349.0pt.
[23


]
l2hSize :displaymath257:31.58282pt::0.0pt::349.0pt.
[24


]
l2hSize :displaymath258:24.0pt::0.0pt::349.0pt.
[25


]
l2hSize :eqnarraystar171:46.58282pt::0.0pt::349.0pt.
[26


]
l2hSize :eqnarraystar179:60.34174pt::0.0pt::349.0pt.
[27


]
l2hSize :displaymath259:36.30028pt::0.0pt::349.0pt.
[28


]
l2hSize :displaymath260:23.33331pt::0.0pt::349.0pt.
[29


]
l2hSize :tex2html_wrap_inline358:8.83331pt::8.83331pt::28.5344pt.
[30


]
l2hSize :tex2html_wrap_inline360:8.33331pt::0.0pt::13.61792pt.
[31


]
l2hSize :tex2html_wrap_inline364:9.29916pt::9.29916pt::47.11768pt.
[32


]
l2hSize :displaymath261:31.58282pt::0.0pt::349.0pt.
[33


]
l2hSize :displaymath262:38.89673pt::0.0pt::349.0pt.
[34


]
l2hSize :displaymath263:41.28561pt::0.0pt::349.0pt.
[35


]
l2hSize :tex2html_wrap_inline368:9.5pt::9.5pt::47.0481pt.
[36


]
l2hSize :tex2html_wrap_inline370:8.83331pt::8.83331pt::35.29822pt.
[37


] (./images.aux) ) 
Here is how much of TeX's memory you used:
 1205 strings out of 60985
 14624 string characters out of 4939378
 66159 words of memory out of 8000001
 4206 multiletter control sequences out of 10000+65535
 8267 words of font info for 29 fonts, out of 1000000 for 1000
 276 hyphenation exceptions out of 1000
 27i,9n,20p,204b,302s stack positions out of 15000i,4000n,6000p,200000b,40000s

Output written on images.dvi (37 pages, 15484 bytes).
