This is TeX, Version 3.14159 (Web2C 7.3.2x) (format=latex 2000.11.2)  12 MAR 2001 10:49
**./images.tex
(./images.tex
LaTeX2e <1999/12/01> patch level 1
Babel <v3.6Z> and hyphenation patterns for english, french, german, ngerman, du
mylang, nohyphenation, loaded.

(/opt-cassandra/TeXLive5/texmf/tex/latex/base/article.cls
Document Class: article 1999/09/10 v1.4a Standard LaTeX document class
(/opt-cassandra/TeXLive5/texmf/tex/latex/base/size12.clo
File: size12.clo 1999/09/10 v1.4a Standard LaTeX file (size option)
)
\c@part=\count79
\c@section=\count80
\c@subsection=\count81
\c@subsubsection=\count82
\c@paragraph=\count83
\c@subparagraph=\count84
\c@figure=\count85
\c@table=\count86
\abovecaptionskip=\skip41
\belowcaptionskip=\skip42
\bibindent=\dimen102
) (/opt-cassandra/TeXLive5/texmf/tex/generic/dvips/epsf.sty
This is `epsf.tex' v2.7 <25 October 1996>
\epsffilein=\read1
\epsfframemargin=\dimen103
\epsfframethickness=\dimen104
\epsfrsize=\dimen105
\epsftmp=\dimen106
\epsftsize=\dimen107
\epsfxsize=\dimen108
\epsfysize=\dimen109
\pspoints=\dimen110
) (/opt-cassandra/TeXLive5/texmf/tex/latex/amslatex/amsmath.sty
Package: amsmath 2000/06/06 v2.12 AMS math features
\@mathmargin=\skip43
For additional information on amsmath, use the `?' option.
(/opt-cassandra/TeXLive5/texmf/tex/latex/amslatex/amstext.sty
Package: amstext 1999/11/15 v2.0
(/opt-cassandra/TeXLive5/texmf/tex/latex/amslatex/amsgen.sty
File: amsgen.sty 1999/11/30 v2.0
\@emptytoks=\toks14
\ex@=\dimen111
)) (/opt-cassandra/TeXLive5/texmf/tex/latex/amslatex/amsbsy.sty
Package: amsbsy 1999/11/29 v1.2d
\pmbraise@=\dimen112
) (/opt-cassandra/TeXLive5/texmf/tex/latex/amslatex/amsopn.sty
Package: amsopn 1999/12/14 v2.01 operator names
)
\inf@bad=\count87
LaTeX Info: Redefining \frac on input line 211.
\uproot@=\count88
\leftroot@=\count89
LaTeX Info: Redefining \overline on input line 307.
\classnum@=\count90
\DOTSCASE@=\count91
LaTeX Info: Redefining \ldots on input line 379.
LaTeX Info: Redefining \dots on input line 382.
LaTeX Info: Redefining \cdots on input line 467.
\Mathstrutbox@=\box26
\strutbox@=\box27
\big@size=\dimen113
LaTeX Font Info:    Redeclaring font encoding OML on input line 567.
LaTeX Font Info:    Redeclaring font encoding OMS on input line 568.
\macc@depth=\count92
\c@MaxMatrixCols=\count93
\dotsspace@=\muskip10
\c@parentequation=\count94
\dspbrk@lvl=\count95
\tag@help=\toks15
\row@=\count96
\column@=\count97
\maxfields@=\count98
\andhelp@=\toks16
\eqnshift@=\dimen114
\alignsep@=\dimen115
\tagshift@=\dimen116
\tagwidth@=\dimen117
\totwidth@=\dimen118
\lineht@=\dimen119
\@envbody=\toks17
\multlinegap=\skip44
\multlinetaggap=\skip45
\mathdisplay@stack=\toks18
LaTeX Info: Redefining \[ on input line 2662.
LaTeX Info: Redefining \] on input line 2663.
) (/opt-cassandra/TeXLive5/texmf/tex/latex/graphics/color.sty
Package: color 1999/02/16 v1.0i Standard LaTeX Color (DPC)
(/opt-cassandra/TeXLive5/texmf/tex/latex/texlive/color.cfg)
Package color Info: Driver file: dvips.def on input line 125.
(/opt-cassandra/TeXLive5/texmf/tex/latex/graphics/dvips.def
File: dvips.def 1999/02/16 v3.0i Driver-dependant file (DPC,SPQR)
) (/opt-cassandra/TeXLive5/texmf/tex/latex/graphics/dvipsnam.def
File: dvipsnam.def 1999/02/16 v3.0i Driver-dependant file (DPC,SPQR)
))
\sizebox=\box28
\lthtmlwrite=\write3
No file images.aux.
\openout1 = `images.aux'.

LaTeX Font Info:    Checking defaults for OML/cmm/m/it on input line 84.
LaTeX Font Info:    ... okay on input line 84.
LaTeX Font Info:    Checking defaults for T1/cmr/m/n on input line 84.
LaTeX Font Info:    ... okay on input line 84.
LaTeX Font Info:    Checking defaults for OT1/cmr/m/n on input line 84.
LaTeX Font Info:    ... okay on input line 84.
LaTeX Font Info:    Checking defaults for OMS/cmsy/m/n on input line 84.
LaTeX Font Info:    ... okay on input line 84.
LaTeX Font Info:    Checking defaults for OMX/cmex/m/n on input line 84.
LaTeX Font Info:    ... okay on input line 84.
LaTeX Font Info:    Checking defaults for U/cmr/m/n on input line 84.
LaTeX Font Info:    ... okay on input line 84.
latex2htmlLength hsize=349.0pt
latex2htmlLength vsize=681.295pt
latex2htmlLength hoffset=0.0pt
latex2htmlLength voffset=0.0pt
latex2htmlLength topmargin=0.0pt
latex2htmlLength topskip=0.00003pt
latex2htmlLength headheight=0.0pt
latex2htmlLength headsep=0.0pt
latex2htmlLength parskip=0.0pt plus 1.0pt
latex2htmlLength oddsidemargin=0.0pt
latex2htmlLength evensidemargin=0.0pt

LaTeX Warning: Command \v invalid in math mode on input line 102.

! Please use \mathaccent for accents in math mode.
\add@accent ...@spacefactor \spacefactor }\accent 
                                                  #1 #2}\spacefactor \accent...
l.102 $\v x
           $%
I'm changing \accent to \mathaccent here; wish me luck.
(Accents are not the same in formulas as they are in text.)

! You can't use `\spacefactor' in math mode.
\add@accent ...factor }\accent #1 #2}\spacefactor 
                                                  \accent@spacefactor 
l.102 $\v x
           $%
Sorry, but I'm not programmed to handle this case;
I'll just pretend that you didn't ask for it.
If you're in the wrong mode, you might be able to
return to the right one by typing `I}' or `I$' or `I\par'.

Missing character: There is no ^^e8 in font cmex10!
l2hSize :tex2html_wrap_inline173:7.75pt::0.0pt::6.67703pt.
[1


]

LaTeX Warning: Command \v invalid in math mode on input line 109.

! Please use \mathaccent for accents in math mode.
\add@accent ...@spacefactor \spacefactor }\accent 
                                                  #1 #2}\spacefactor \accent...
l.109 \v x
           = \v 0$%
I'm changing \accent to \mathaccent here; wish me luck.
(Accents are not the same in formulas as they are in text.)

! You can't use `\spacefactor' in math mode.
\add@accent ...factor }\accent #1 #2}\spacefactor 
                                                  \accent@spacefactor 
l.109 \v x
           = \v 0$%
Sorry, but I'm not programmed to handle this case;
I'll just pretend that you didn't ask for it.
If you're in the wrong mode, you might be able to
return to the right one by typing `I}' or `I$' or `I\par'.


LaTeX Warning: Command \v invalid in math mode on input line 109.

! Please use \mathaccent for accents in math mode.
\add@accent ...@spacefactor \spacefactor }\accent 
                                                  #1 #2}\spacefactor \accent...
l.109 \v x = \v 0
                 $%
I'm changing \accent to \mathaccent here; wish me luck.
(Accents are not the same in formulas as they are in text.)

! You can't use `\spacefactor' in math mode.
\add@accent ...factor }\accent #1 #2}\spacefactor 
                                                  \accent@spacefactor 
l.109 \v x = \v 0
                 $%
Sorry, but I'm not programmed to handle this case;
I'll just pretend that you didn't ask for it.
If you're in the wrong mode, you might be able to
return to the right one by typing `I}' or `I$' or `I\par'.

Missing character: There is no ^^e8 in font cmex10!
Missing character: There is no ^^e8 in font cmex10!
l2hSize :tex2html_wrap_inline175:10.1083pt::0.0pt::37.16557pt.
[2


]
l2hSize :tex2html_wrap_inline181:8.51111pt::0.0pt::15.72693pt.
[3


]

LaTeX Warning: Command \v invalid in math mode on input line 122.

! Please use \mathaccent for accents in math mode.
\add@accent ...@spacefactor \spacefactor }\accent 
                                                  #1 #2}\spacefactor \accent...
l.122 $\v u
           $%
I'm changing \accent to \mathaccent here; wish me luck.
(Accents are not the same in formulas as they are in text.)

! You can't use `\spacefactor' in math mode.
\add@accent ...factor }\accent #1 #2}\spacefactor 
                                                  \accent@spacefactor 
l.122 $\v u
           $%
Sorry, but I'm not programmed to handle this case;
I'll just pretend that you didn't ask for it.
If you're in the wrong mode, you might be able to
return to the right one by typing `I}' or `I$' or `I\par'.

Missing character: There is no ^^e8 in font cmex10!
l2hSize :tex2html_wrap_inline185:7.75pt::0.0pt::6.68742pt.
[4


]

LaTeX Warning: Command \v invalid in math mode on input line 128.

! Please use \mathaccent for accents in math mode.
\add@accent ...@spacefactor \spacefactor }\accent 
                                                  #1 #2}\spacefactor \accent...
l.128 $\v v
           $%
I'm changing \accent to \mathaccent here; wish me luck.
(Accents are not the same in formulas as they are in text.)

! You can't use `\spacefactor' in math mode.
\add@accent ...factor }\accent #1 #2}\spacefactor 
                                                  \accent@spacefactor 
l.128 $\v v
           $%
Sorry, but I'm not programmed to handle this case;
I'll just pretend that you didn't ask for it.
If you're in the wrong mode, you might be able to
return to the right one by typing `I}' or `I$' or `I\par'.

Missing character: There is no ^^e8 in font cmex10!
l2hSize :tex2html_wrap_inline187:7.75pt::0.0pt::6.11104pt.
[5


]

LaTeX Warning: Command \v invalid in math mode on input line 134.

! Please use \mathaccent for accents in math mode.
\add@accent ...@spacefactor \spacefactor }\accent 
                                                  #1 #2}\spacefactor \accent...
l.134 $A \v u
              = \v 0$%
I'm changing \accent to \mathaccent here; wish me luck.
(Accents are not the same in formulas as they are in text.)

! You can't use `\spacefactor' in math mode.
\add@accent ...factor }\accent #1 #2}\spacefactor 
                                                  \accent@spacefactor 
l.134 $A \v u
              = \v 0$%
Sorry, but I'm not programmed to handle this case;
I'll just pretend that you didn't ask for it.
If you're in the wrong mode, you might be able to
return to the right one by typing `I}' or `I$' or `I\par'.


LaTeX Warning: Command \v invalid in math mode on input line 134.

! Please use \mathaccent for accents in math mode.
\add@accent ...@spacefactor \spacefactor }\accent 
                                                  #1 #2}\spacefactor \accent...
l.134 $A \v u = \v 0
                    $%
I'm changing \accent to \mathaccent here; wish me luck.
(Accents are not the same in formulas as they are in text.)

! You can't use `\spacefactor' in math mode.
\add@accent ...factor }\accent #1 #2}\spacefactor 
                                                  \accent@spacefactor 
l.134 $A \v u = \v 0
                    $%
Sorry, but I'm not programmed to handle this case;
I'll just pretend that you didn't ask for it.
If you're in the wrong mode, you might be able to
return to the right one by typing `I}' or `I$' or `I\par'.

Missing character: There is no ^^e8 in font cmex10!
Missing character: There is no ^^e8 in font cmex10!
l2hSize :tex2html_wrap_inline189:10.1083pt::0.0pt::37.17596pt.
[6


]

LaTeX Warning: Command \v invalid in math mode on input line 140.

! Please use \mathaccent for accents in math mode.
\add@accent ...@spacefactor \spacefactor }\accent 
                                                  #1 #2}\spacefactor \accent...
l.140 $A \v v
              = \v 0$%
I'm changing \accent to \mathaccent here; wish me luck.
(Accents are not the same in formulas as they are in text.)

! You can't use `\spacefactor' in math mode.
\add@accent ...factor }\accent #1 #2}\spacefactor 
                                                  \accent@spacefactor 
l.140 $A \v v
              = \v 0$%
Sorry, but I'm not programmed to handle this case;
I'll just pretend that you didn't ask for it.
If you're in the wrong mode, you might be able to
return to the right one by typing `I}' or `I$' or `I\par'.


LaTeX Warning: Command \v invalid in math mode on input line 140.

! Please use \mathaccent for accents in math mode.
\add@accent ...@spacefactor \spacefactor }\accent 
                                                  #1 #2}\spacefactor \accent...
l.140 $A \v v = \v 0
                    $%
I'm changing \accent to \mathaccent here; wish me luck.
(Accents are not the same in formulas as they are in text.)

! You can't use `\spacefactor' in math mode.
\add@accent ...factor }\accent #1 #2}\spacefactor 
                                                  \accent@spacefactor 
l.140 $A \v v = \v 0
                    $%
Sorry, but I'm not programmed to handle this case;
I'll just pretend that you didn't ask for it.
If you're in the wrong mode, you might be able to
return to the right one by typing `I}' or `I$' or `I\par'.

Missing character: There is no ^^e8 in font cmex10!
Missing character: There is no ^^e8 in font cmex10!
l2hSize :tex2html_wrap_inline191:10.1083pt::0.0pt::36.59958pt.
[7


]

LaTeX Warning: Command \v invalid in math mode on input line 146.

! Please use \mathaccent for accents in math mode.
\add@accent ...@spacefactor \spacefactor }\accent 
                                                  #1 #2}\spacefactor \accent...
l.146 \begin{displaymath}A (\v u
                                 + \v v) = A\v u + A\v v = 0 + 0 = 0
I'm changing \accent to \mathaccent here; wish me luck.
(Accents are not the same in formulas as they are in text.)

! You can't use `\spacefactor' in display math mode.
\add@accent ...factor }\accent #1 #2}\spacefactor 
                                                  \accent@spacefactor 
l.146 \begin{displaymath}A (\v u
                                 + \v v) = A\v u + A\v v = 0 + 0 = 0
Sorry, but I'm not programmed to handle this case;
I'll just pretend that you didn't ask for it.
If you're in the wrong mode, you might be able to
return to the right one by typing `I}' or `I$' or `I\par'.


LaTeX Warning: Command \v invalid in math mode on input line 146.

! Please use \mathaccent for accents in math mode.
\add@accent ...@spacefactor \spacefactor }\accent 
                                                  #1 #2}\spacefactor \accent...
l.146 \begin{displaymath}A (\v u + \v v
                                       ) = A\v u + A\v v = 0 + 0 = 0
I'm changing \accent to \mathaccent here; wish me luck.
(Accents are not the same in formulas as they are in text.)

! You can't use `\spacefactor' in display math mode.
\add@accent ...factor }\accent #1 #2}\spacefactor 
                                                  \accent@spacefactor 
l.146 \begin{displaymath}A (\v u + \v v
                                       ) = A\v u + A\v v = 0 + 0 = 0
Sorry, but I'm not programmed to handle this case;
I'll just pretend that you didn't ask for it.
If you're in the wrong mode, you might be able to
return to the right one by typing `I}' or `I$' or `I\par'.


LaTeX Warning: Command \v invalid in math mode on input line 146.

! Please use \mathaccent for accents in math mode.
\add@accent ...@spacefactor \spacefactor }\accent 
                                                  #1 #2}\spacefactor \accent...
l.146 \begin{displaymath}A (\v u + \v v) = A\v u
                                                 + A\v v = 0 + 0 = 0
I'm changing \accent to \mathaccent here; wish me luck.
(Accents are not the same in formulas as they are in text.)

! You can't use `\spacefactor' in display math mode.
\add@accent ...factor }\accent #1 #2}\spacefactor 
                                                  \accent@spacefactor 
l.146 \begin{displaymath}A (\v u + \v v) = A\v u
                                                 + A\v v = 0 + 0 = 0
Sorry, but I'm not programmed to handle this case;
I'll just pretend that you didn't ask for it.
If you're in the wrong mode, you might be able to
return to the right one by typing `I}' or `I$' or `I\par'.


LaTeX Warning: Command \v invalid in math mode on input line 146.

! Please use \mathaccent for accents in math mode.
\add@accent ...@spacefactor \spacefactor }\accent 
                                                  #1 #2}\spacefactor \accent...
l.146 ...splaymath}A (\v u + \v v) = A\v u + A\v v
                                                   = 0 + 0 = 0
I'm changing \accent to \mathaccent here; wish me luck.
(Accents are not the same in formulas as they are in text.)

! You can't use `\spacefactor' in display math mode.
\add@accent ...factor }\accent #1 #2}\spacefactor 
                                                  \accent@spacefactor 
l.146 ...splaymath}A (\v u + \v v) = A\v u + A\v v
                                                   = 0 + 0 = 0
Sorry, but I'm not programmed to handle this case;
I'll just pretend that you didn't ask for it.
If you're in the wrong mode, you might be able to
return to the right one by typing `I}' or `I$' or `I\par'.

Missing character: There is no ^^e8 in font cmex10!
Missing character: There is no ^^e8 in font cmex10!
Missing character: There is no ^^e8 in font cmex10!
Missing character: There is no ^^e8 in font cmex10!
l2hSize :displaymath149:24.0pt::0.0pt::349.0pt.
[8


]

LaTeX Warning: Command \v invalid in math mode on input line 153.

! Please use \mathaccent for accents in math mode.
\add@accent ...@spacefactor \spacefactor }\accent 
                                                  #1 #2}\spacefactor \accent...
l.153 $\v u
           + \v v$%
I'm changing \accent to \mathaccent here; wish me luck.
(Accents are not the same in formulas as they are in text.)

! You can't use `\spacefactor' in math mode.
\add@accent ...factor }\accent #1 #2}\spacefactor 
                                                  \accent@spacefactor 
l.153 $\v u
           + \v v$%
Sorry, but I'm not programmed to handle this case;
I'll just pretend that you didn't ask for it.
If you're in the wrong mode, you might be able to
return to the right one by typing `I}' or `I$' or `I\par'.


LaTeX Warning: Command \v invalid in math mode on input line 153.

! Please use \mathaccent for accents in math mode.
\add@accent ...@spacefactor \spacefactor }\accent 
                                                  #1 #2}\spacefactor \accent...
l.153 $\v u+ \v v
                 $%
I'm changing \accent to \mathaccent here; wish me luck.
(Accents are not the same in formulas as they are in text.)

! You can't use `\spacefactor' in math mode.
\add@accent ...factor }\accent #1 #2}\spacefactor 
                                                  \accent@spacefactor 
l.153 $\v u+ \v v
                 $%
Sorry, but I'm not programmed to handle this case;
I'll just pretend that you didn't ask for it.
If you're in the wrong mode, you might be able to
return to the right one by typing `I}' or `I$' or `I\par'.

Missing character: There is no ^^e8 in font cmex10!
Missing character: There is no ^^e8 in font cmex10!
l2hSize :tex2html_wrap_inline193:8.25pt::8.25pt::27.27051pt.
[9


]

LaTeX Warning: Command \v invalid in math mode on input line 159.

! Please use \mathaccent for accents in math mode.
\add@accent ...@spacefactor \spacefactor }\accent 
                                                  #1 #2}\spacefactor \accent...
l.159 \begin{displaymath}A (c \v u
                                  ) = c A \v u = 0,
I'm changing \accent to \mathaccent here; wish me luck.
(Accents are not the same in formulas as they are in text.)

! You can't use `\spacefactor' in display math mode.
\add@accent ...factor }\accent #1 #2}\spacefactor 
                                                  \accent@spacefactor 
l.159 \begin{displaymath}A (c \v u
                                  ) = c A \v u = 0,
Sorry, but I'm not programmed to handle this case;
I'll just pretend that you didn't ask for it.
If you're in the wrong mode, you might be able to
return to the right one by typing `I}' or `I$' or `I\par'.


LaTeX Warning: Command \v invalid in math mode on input line 159.

! Please use \mathaccent for accents in math mode.
\add@accent ...@spacefactor \spacefactor }\accent 
                                                  #1 #2}\spacefactor \accent...
l.159 \begin{displaymath}A (c \v u) = c A \v u
                                               = 0,
I'm changing \accent to \mathaccent here; wish me luck.
(Accents are not the same in formulas as they are in text.)

! You can't use `\spacefactor' in display math mode.
\add@accent ...factor }\accent #1 #2}\spacefactor 
                                                  \accent@spacefactor 
l.159 \begin{displaymath}A (c \v u) = c A \v u
                                               = 0,
Sorry, but I'm not programmed to handle this case;
I'll just pretend that you didn't ask for it.
If you're in the wrong mode, you might be able to
return to the right one by typing `I}' or `I$' or `I\par'.

Missing character: There is no ^^e8 in font cmex10!
Missing character: There is no ^^e8 in font cmex10!
l2hSize :displaymath150:24.0pt::0.0pt::349.0pt.
[10


]

LaTeX Warning: Command \v invalid in math mode on input line 166.

! Please use \mathaccent for accents in math mode.
\add@accent ...@spacefactor \spacefactor }\accent 
                                                  #1 #2}\spacefactor \accent...
l.166 $c \v u
             $%
I'm changing \accent to \mathaccent here; wish me luck.
(Accents are not the same in formulas as they are in text.)

! You can't use `\spacefactor' in math mode.
\add@accent ...factor }\accent #1 #2}\spacefactor 
                                                  \accent@spacefactor 
l.166 $c \v u
             $%
Sorry, but I'm not programmed to handle this case;
I'll just pretend that you didn't ask for it.
If you're in the wrong mode, you might be able to
return to the right one by typing `I}' or `I$' or `I\par'.

Missing character: There is no ^^e8 in font cmex10!
l2hSize :tex2html_wrap_inline195:7.75pt::0.0pt::11.7443pt.
[11


]
l2hSize :displaymath151:50.99995pt::0.0pt::349.0pt.
[12


]
l2hSize :displaymath152:50.99995pt::0.0pt::349.0pt.
[13


]
l2hSize :eqnarraystar32:238.49977pt::0.0pt::349.0pt.
[14


]

LaTeX Warning: Command \v invalid in math mode on input line 235.

! Please use \mathaccent for accents in math mode.
\add@accent ...@spacefactor \spacefactor }\accent 
                                                  #1 #2}\spacefactor \accent...
l.235 \v b
           = \left[ \begin{array}{c}
I'm changing \accent to \mathaccent here; wish me luck.
(Accents are not the same in formulas as they are in text.)

! You can't use `\spacefactor' in display math mode.
\add@accent ...factor }\accent #1 #2}\spacefactor 
                                                  \accent@spacefactor 
l.235 \v b
           = \left[ \begin{array}{c}
Sorry, but I'm not programmed to handle this case;
I'll just pretend that you didn't ask for it.
If you're in the wrong mode, you might be able to
return to the right one by typing `I}' or `I$' or `I\par'.

Missing character: There is no ^^e8 in font cmex10!
l2hSize :displaymath153:50.99995pt::0.0pt::349.0pt.
[15


]

LaTeX Warning: Command \v invalid in math mode on input line 246.

! Please use \mathaccent for accents in math mode.
\add@accent ...@spacefactor \spacefactor }\accent 
                                                  #1 #2}\spacefactor \accent...
l.246 \begin{displaymath}A \v x
                                = \v b.
I'm changing \accent to \mathaccent here; wish me luck.
(Accents are not the same in formulas as they are in text.)

! You can't use `\spacefactor' in display math mode.
\add@accent ...factor }\accent #1 #2}\spacefactor 
                                                  \accent@spacefactor 
l.246 \begin{displaymath}A \v x
                                = \v b.
Sorry, but I'm not programmed to handle this case;
I'll just pretend that you didn't ask for it.
If you're in the wrong mode, you might be able to
return to the right one by typing `I}' or `I$' or `I\par'.


LaTeX Warning: Command \v invalid in math mode on input line 246.

! Please use \mathaccent for accents in math mode.
\add@accent ...@spacefactor \spacefactor }\accent 
                                                  #1 #2}\spacefactor \accent...
l.246 \begin{displaymath}A \v x = \v b
                                      .
I'm changing \accent to \mathaccent here; wish me luck.
(Accents are not the same in formulas as they are in text.)

! You can't use `\spacefactor' in display math mode.
\add@accent ...factor }\accent #1 #2}\spacefactor 
                                                  \accent@spacefactor 
l.246 \begin{displaymath}A \v x = \v b
                                      .
Sorry, but I'm not programmed to handle this case;
I'll just pretend that you didn't ask for it.
If you're in the wrong mode, you might be able to
return to the right one by typing `I}' or `I$' or `I\par'.

Missing character: There is no ^^e8 in font cmex10!
Missing character: There is no ^^e8 in font cmex10!
l2hSize :displaymath154:21.0pt::0.0pt::349.0pt.
[16


]
l2hSize :eqnarraystar76:139.49986pt::0.0pt::349.0pt.
[17


]
l2hSize :displaymath155:50.99995pt::0.0pt::349.0pt.
[18


]
l2hSize :eqnarraystar100:139.49986pt::0.0pt::349.0pt.
[19


]
l2hSize :displaymath158:50.99995pt::0.0pt::349.0pt.
[20


]
l2hSize :tex2html_wrap_inline211:9.51027pt::0.0pt::14.81952pt.
[21


]
l2hSize :displaymath159:50.99995pt::0.0pt::349.0pt.
[22


] (./images.aux) ) 
Here is how much of TeX's memory you used:
 1204 strings out of 10872
 14597 string characters out of 70739
 68310 words of memory out of 263001
 4152 multiletter control sequences out of 10000+0
 7978 words of font info for 29 fonts, out of 200000 for 1000
 14 hyphenation exceptions out of 1000
 27i,13n,20p,204b,227s stack positions out of 300i,100n,500p,200000b,4000s

Output written on images.dvi (22 pages, 9748 bytes).
