This is TeX, Version 3.14159 (Web2C 7.3.3.1) (format=latex 2001.9.20)  25 MAR 2002 13:15
**./images.tex
(./images.tex
LaTeX2e <2000/06/01>
Loading CZ hyphenation patterns: Pavel Sevecek, v3, 1995
Loading SK hyphenation patterns: Jana Chlebikova, 1992
Babel <v3.7h> and hyphenation patterns for english, dumylang, nohyphenation, cz
ech, slovak, german, ngerman, danish, spanish, catalan, finnish, french, ukengl
ish, greek, croatian, hungarian, italian, latin, mongolian, dutch, norwegian, p
olish, portuguese, russian, ukrainian, serbocroat, swedish, loaded.

(/opt-cassandra/TeXLive6/texmf/tex/latex/base/article.cls
Document Class: article 2000/05/19 v1.4b Standard LaTeX document class
(/opt-cassandra/TeXLive6/texmf/tex/latex/base/size12.clo
File: size12.clo 2000/05/19 v1.4b Standard LaTeX file (size option)
)
\c@part=\count79
\c@section=\count80
\c@subsection=\count81
\c@subsubsection=\count82
\c@paragraph=\count83
\c@subparagraph=\count84
\c@figure=\count85
\c@table=\count86
\abovecaptionskip=\skip41
\belowcaptionskip=\skip42
\bibindent=\dimen102
) (/opt-cassandra/TeXLive6/texmf/tex/generic/dvips/epsf.sty
This is `epsf.tex' v2.7 <25 October 1996>
\epsffilein=\read1
\epsfframemargin=\dimen103
\epsfframethickness=\dimen104
\epsfrsize=\dimen105
\epsftmp=\dimen106
\epsftsize=\dimen107
\epsfxsize=\dimen108
\epsfysize=\dimen109
\pspoints=\dimen110
) (/opt-cassandra/TeXLive6/texmf/tex/latex/amslatex/amsmath.sty
Package: amsmath 2000/07/18 v2.13 AMS math features
\@mathmargin=\skip43
For additional information on amsmath, use the `?' option.
(/opt-cassandra/TeXLive6/texmf/tex/latex/amslatex/amstext.sty
Package: amstext 2000/06/29 v2.01
(/opt-cassandra/TeXLive6/texmf/tex/latex/amslatex/amsgen.sty
File: amsgen.sty 1999/11/30 v2.0
\@emptytoks=\toks14
\ex@=\dimen111
)) (/opt-cassandra/TeXLive6/texmf/tex/latex/amslatex/amsbsy.sty
Package: amsbsy 1999/11/29 v1.2d
\pmbraise@=\dimen112
) (/opt-cassandra/TeXLive6/texmf/tex/latex/amslatex/amsopn.sty
Package: amsopn 1999/12/14 v2.01 operator names
)
\inf@bad=\count87
LaTeX Info: Redefining \frac on input line 211.
\uproot@=\count88
\leftroot@=\count89
LaTeX Info: Redefining \overline on input line 307.
\classnum@=\count90
\DOTSCASE@=\count91
LaTeX Info: Redefining \ldots on input line 379.
LaTeX Info: Redefining \dots on input line 382.
LaTeX Info: Redefining \cdots on input line 467.
\Mathstrutbox@=\box26
\strutbox@=\box27
\big@size=\dimen113
LaTeX Font Info:    Redeclaring font encoding OML on input line 567.
LaTeX Font Info:    Redeclaring font encoding OMS on input line 568.
\macc@depth=\count92
\c@MaxMatrixCols=\count93
\dotsspace@=\muskip10
\c@parentequation=\count94
\dspbrk@lvl=\count95
\tag@help=\toks15
\row@=\count96
\column@=\count97
\maxfields@=\count98
\andhelp@=\toks16
\eqnshift@=\dimen114
\alignsep@=\dimen115
\tagshift@=\dimen116
\tagwidth@=\dimen117
\totwidth@=\dimen118
\lineht@=\dimen119
\@envbody=\toks17
\multlinegap=\skip44
\multlinetaggap=\skip45
\mathdisplay@stack=\toks18
LaTeX Info: Redefining \[ on input line 2666.
LaTeX Info: Redefining \] on input line 2667.
) (/opt-cassandra/TeXLive6/texmf/tex/latex/graphics/color.sty
Package: color 1999/02/16 v1.0i Standard LaTeX Color (DPC)
(/opt-cassandra/TeXLive6/texmf/tex/latex/texlive/color.cfg
File: color.cfg 2001/03/31 v1.0 color configuration of teTeX/TeXLive
)
Package color Info: Driver file: dvips.def on input line 125.
(/opt-cassandra/TeXLive6/texmf/tex/latex/graphics/dvips.def
File: dvips.def 1999/02/16 v3.0i Driver-dependant file (DPC,SPQR)
) (/opt-cassandra/TeXLive6/texmf/tex/latex/graphics/dvipsnam.def
File: dvipsnam.def 1999/02/16 v3.0i Driver-dependant file (DPC,SPQR)
))
\sizebox=\box28
\lthtmlwrite=\write3
(./images.aux)
\openout1 = `images.aux'.

LaTeX Font Info:    Checking defaults for OML/cmm/m/it on input line 84.
LaTeX Font Info:    ... okay on input line 84.
LaTeX Font Info:    Checking defaults for T1/cmr/m/n on input line 84.
LaTeX Font Info:    ... okay on input line 84.
LaTeX Font Info:    Checking defaults for OT1/cmr/m/n on input line 84.
LaTeX Font Info:    ... okay on input line 84.
LaTeX Font Info:    Checking defaults for OMS/cmsy/m/n on input line 84.
LaTeX Font Info:    ... okay on input line 84.
LaTeX Font Info:    Checking defaults for OMX/cmex/m/n on input line 84.
LaTeX Font Info:    ... okay on input line 84.
LaTeX Font Info:    Checking defaults for U/cmr/m/n on input line 84.
LaTeX Font Info:    ... okay on input line 84.
latex2htmlLength hsize=349.0pt
latex2htmlLength vsize=681.295pt
latex2htmlLength hoffset=0.0pt
latex2htmlLength voffset=0.0pt
latex2htmlLength topmargin=0.0pt
latex2htmlLength topskip=0.00003pt
latex2htmlLength headheight=0.0pt
latex2htmlLength headsep=0.0pt
latex2htmlLength parskip=0.0pt plus 1.0pt
latex2htmlLength oddsidemargin=0.0pt
latex2htmlLength evensidemargin=0.0pt
l2hSize :tex2html_wrap_inline131:9.5pt::9.5pt::46.81917pt.
[1


]
l2hSize :tex2html_wrap_inline133:9.5pt::9.5pt::46.81917pt.
[2


]
l2hSize :displaymath97:24.0pt::0.0pt::349.0pt.
[3


]
l2hSize :tex2html_wrap_inline135:8.83331pt::8.83331pt::17.07289pt.
[4


]
l2hSize :tex2html_wrap_inline137:12.46552pt::12.46552pt::16.48198pt.
[5


]
l2hSize :tex2html_wrap_inline139:12.46552pt::12.46552pt::21.57336pt.
[6


]
l2hSize :tex2html_wrap_inline153:8.25pt::8.25pt::59.76012pt.
[7


]
l2hSize :tex2html_wrap_inline155:8.25pt::8.25pt::59.24274pt.
[8


]
l2hSize :displaymath99:33.35977pt::0.0pt::349.0pt.
[9


]
l2hSize :tex2html_wrap_inline157:11.38661pt::11.38661pt::47.29129pt.
[10


]
l2hSize :tex2html_wrap_inline161:11.8671pt::11.8671pt::35.76651pt.
[11


]

LaTeX Warning: Command \v invalid in math mode on input line 170.

! Please use \mathaccent for accents in math mode.
\add@accent ...@spacefactor \spacefactor }\accent 
                                                  #1 #2\egroup \spacefactor ...
l.170 \begin{displaymath}\v f
                              (x,y,z) = xy \widehat{i} + e^{yz} \widehat{j} ...
I'm changing \accent to \mathaccent here; wish me luck.
(Accents are not the same in formulas as they are in text.)

! You can't use `\spacefactor' in display math mode.
\add@accent ...}\accent #1 #2\egroup \spacefactor 
                                                  \accent@spacefactor 
l.170 \begin{displaymath}\v f
                              (x,y,z) = xy \widehat{i} + e^{yz} \widehat{j} ...
Sorry, but I'm not programmed to handle this case;
I'll just pretend that you didn't ask for it.
If you're in the wrong mode, you might be able to
return to the right one by typing `I}' or `I$' or `I\par'.

Missing character: There is no ^^e8 in font cmex10!
l2hSize :displaymath101:24.0pt::0.0pt::349.0pt.
[12


]

LaTeX Warning: Command \v invalid in math mode on input line 177.

! Please use \mathaccent for accents in math mode.
\add@accent ...@spacefactor \spacefactor }\accent 
                                                  #1 #2\egroup \spacefactor ...
l.177 $\nabla \cdot \v f
                        $%
I'm changing \accent to \mathaccent here; wish me luck.
(Accents are not the same in formulas as they are in text.)

! You can't use `\spacefactor' in math mode.
\add@accent ...}\accent #1 #2\egroup \spacefactor 
                                                  \accent@spacefactor 
l.177 $\nabla \cdot \v f
                        $%
Sorry, but I'm not programmed to handle this case;
I'll just pretend that you didn't ask for it.
If you're in the wrong mode, you might be able to
return to the right one by typing `I}' or `I$' or `I\par'.

Missing character: There is no ^^e8 in font cmex10!
l2hSize :tex2html_wrap_inline163:11.2083pt::11.2083pt::25.73949pt.
[13


]

LaTeX Warning: Command \v invalid in math mode on input line 183.

! Please use \mathaccent for accents in math mode.
\add@accent ...@spacefactor \spacefactor }\accent 
                                                  #1 #2\egroup \spacefactor ...
l.183 $\nabla \times \v f
                         $%
I'm changing \accent to \mathaccent here; wish me luck.
(Accents are not the same in formulas as they are in text.)

! You can't use `\spacefactor' in math mode.
\add@accent ...}\accent #1 #2\egroup \spacefactor 
                                                  \accent@spacefactor 
l.183 $\nabla \times \v f
                         $%
Sorry, but I'm not programmed to handle this case;
I'll just pretend that you didn't ask for it.
If you're in the wrong mode, you might be able to
return to the right one by typing `I}' or `I$' or `I\par'.

Missing character: There is no ^^e8 in font cmex10!
l2hSize :tex2html_wrap_inline165:11.2083pt::11.2083pt::31.7395pt.
[14


]
l2hSize :tex2html_wrap_inline167:10.01027pt::10.01027pt::126.10405pt.
[15


]
l2hSize :tex2html_wrap_inline316:60.90656pt::60.90656pt::108.405pt.
[16


]

LaTeX Warning: Command \v invalid in math mode on input line 201.

! Please use \mathaccent for accents in math mode.
\add@accent ...@spacefactor \spacefactor }\accent 
                                                  #1 #2\egroup \spacefactor ...
l.201 \begin{displaymath}\v f
                              (x,y,z) = x^2 \widehat{i} + z \widehat{j} + e^...
I'm changing \accent to \mathaccent here; wish me luck.
(Accents are not the same in formulas as they are in text.)

! You can't use `\spacefactor' in display math mode.
\add@accent ...}\accent #1 #2\egroup \spacefactor 
                                                  \accent@spacefactor 
l.201 \begin{displaymath}\v f
                              (x,y,z) = x^2 \widehat{i} + z \widehat{j} + e^...
Sorry, but I'm not programmed to handle this case;
I'll just pretend that you didn't ask for it.
If you're in the wrong mode, you might be able to
return to the right one by typing `I}' or `I$' or `I\par'.

Missing character: There is no ^^e8 in font cmex10!
l2hSize :displaymath103:24.0pt::0.0pt::349.0pt.
[17


]
l2hSize :tex2html_wrap_inline318:52.43582pt::52.43582pt::108.405pt.
[18


]

LaTeX Warning: Command \v invalid in math mode on input line 214.

! Please use \mathaccent for accents in math mode.
\add@accent ...@spacefactor \spacefactor }\accent 
                                                  #1 #2\egroup \spacefactor ...
l.214 $\oint_C \v f
                    \cdot d\v x$%
I'm changing \accent to \mathaccent here; wish me luck.
(Accents are not the same in formulas as they are in text.)

! You can't use `\spacefactor' in math mode.
\add@accent ...}\accent #1 #2\egroup \spacefactor 
                                                  \accent@spacefactor 
l.214 $\oint_C \v f
                    \cdot d\v x$%
Sorry, but I'm not programmed to handle this case;
I'll just pretend that you didn't ask for it.
If you're in the wrong mode, you might be able to
return to the right one by typing `I}' or `I$' or `I\par'.


LaTeX Warning: Command \v invalid in math mode on input line 214.

! Please use \mathaccent for accents in math mode.
\add@accent ...@spacefactor \spacefactor }\accent 
                                                  #1 #2\egroup \spacefactor ...
l.214 $\oint_C \v f \cdot d\v x
                               $%
I'm changing \accent to \mathaccent here; wish me luck.
(Accents are not the same in formulas as they are in text.)

! You can't use `\spacefactor' in math mode.
\add@accent ...}\accent #1 #2\egroup \spacefactor 
                                                  \accent@spacefactor 
l.214 $\oint_C \v f \cdot d\v x
                               $%
Sorry, but I'm not programmed to handle this case;
I'll just pretend that you didn't ask for it.
If you're in the wrong mode, you might be able to
return to the right one by typing `I}' or `I$' or `I\par'.

Missing character: There is no ^^e8 in font cmex10!
Missing character: There is no ^^e8 in font cmex10!
l2hSize :tex2html_wrap_inline169:11.2083pt::11.2083pt::43.31204pt.
[19


]

LaTeX Warning: Command \v invalid in math mode on input line 220.

! Please use \mathaccent for accents in math mode.
\add@accent ...@spacefactor \spacefactor }\accent 
                                                  #1 #2\egroup \spacefactor ...
l.220 \begin{displaymath}\v f
                             (x,y) = (\cos(x) + y^2) \widehat{i} + 2 x y \wi...
I'm changing \accent to \mathaccent here; wish me luck.
(Accents are not the same in formulas as they are in text.)

! You can't use `\spacefactor' in display math mode.
\add@accent ...}\accent #1 #2\egroup \spacefactor 
                                                  \accent@spacefactor 
l.220 \begin{displaymath}\v f
                             (x,y) = (\cos(x) + y^2) \widehat{i} + 2 x y \wi...
Sorry, but I'm not programmed to handle this case;
I'll just pretend that you didn't ask for it.
If you're in the wrong mode, you might be able to
return to the right one by typing `I}' or `I$' or `I\par'.

Missing character: There is no ^^e8 in font cmex10!
l2hSize :displaymath104:24.0pt::0.0pt::349.0pt.
[20


]
l2hSize :tex2html_wrap_inline324:59.46802pt::59.46802pt::108.405pt.
[21


]
l2hSize :tex2html_wrap_inline177:8.25pt::8.25pt::27.74066pt.
[22


]
l2hSize :tex2html_wrap_inline326:67.81276pt::67.81276pt::108.405pt.
[23


]
l2hSize :displaymath105:34.66695pt::0.0pt::349.0pt.
[24


]

LaTeX Warning: Command \v invalid in math mode on input line 252.

! Please use \mathaccent for accents in math mode.
\add@accent ...@spacefactor \spacefactor }\accent 
                                                  #1 #2\egroup \spacefactor ...
l.252 $\int_C \v f
                   \cdot d\v x$%
I'm changing \accent to \mathaccent here; wish me luck.
(Accents are not the same in formulas as they are in text.)

! You can't use `\spacefactor' in math mode.
\add@accent ...}\accent #1 #2\egroup \spacefactor 
                                                  \accent@spacefactor 
l.252 $\int_C \v f
                   \cdot d\v x$%
Sorry, but I'm not programmed to handle this case;
I'll just pretend that you didn't ask for it.
If you're in the wrong mode, you might be able to
return to the right one by typing `I}' or `I$' or `I\par'.


LaTeX Warning: Command \v invalid in math mode on input line 252.

! Please use \mathaccent for accents in math mode.
\add@accent ...@spacefactor \spacefactor }\accent 
                                                  #1 #2\egroup \spacefactor ...
l.252 $\int_C \v f \cdot d\v x
                              $%
I'm changing \accent to \mathaccent here; wish me luck.
(Accents are not the same in formulas as they are in text.)

! You can't use `\spacefactor' in math mode.
\add@accent ...}\accent #1 #2\egroup \spacefactor 
                                                  \accent@spacefactor 
l.252 $\int_C \v f \cdot d\v x
                              $%
Sorry, but I'm not programmed to handle this case;
I'll just pretend that you didn't ask for it.
If you're in the wrong mode, you might be able to
return to the right one by typing `I}' or `I$' or `I\par'.

Missing character: There is no ^^e8 in font cmex10!
Missing character: There is no ^^e8 in font cmex10!
l2hSize :tex2html_wrap_inline189:11.2083pt::11.2083pt::43.31204pt.
[25


]

LaTeX Warning: Command \v invalid in math mode on input line 258.

! Please use \mathaccent for accents in math mode.
\add@accent ...@spacefactor \spacefactor }\accent 
                                                  #1 #2\egroup \spacefactor ...
l.258 \begin{displaymath}\v f
                             (x,y) = (\cos(\pi x) + y) \widehat{i} + \left(x...
I'm changing \accent to \mathaccent here; wish me luck.
(Accents are not the same in formulas as they are in text.)

! You can't use `\spacefactor' in display math mode.
\add@accent ...}\accent #1 #2\egroup \spacefactor 
                                                  \accent@spacefactor 
l.258 \begin{displaymath}\v f
                             (x,y) = (\cos(\pi x) + y) \widehat{i} + \left(x...
Sorry, but I'm not programmed to handle this case;
I'll just pretend that you didn't ask for it.
If you're in the wrong mode, you might be able to
return to the right one by typing `I}' or `I$' or `I\par'.

Missing character: There is no ^^e8 in font cmex10!
l2hSize :displaymath108:36.30028pt::0.0pt::349.0pt.
[26


]
l2hSize :tex2html_wrap_inline337:57.2855pt::57.2855pt::108.405pt.
[27


]

LaTeX Warning: Command \v invalid in math mode on input line 271.

! Please use \mathaccent for accents in math mode.
\add@accent ...@spacefactor \spacefactor }\accent 
                                                  #1 #2\egroup \spacefactor ...
l.271 \begin{displaymath}\v f
                              (x,y) = xy \widehat{i} + (x^2 + z) \widehat{j}...
I'm changing \accent to \mathaccent here; wish me luck.
(Accents are not the same in formulas as they are in text.)

! You can't use `\spacefactor' in display math mode.
\add@accent ...}\accent #1 #2\egroup \spacefactor 
                                                  \accent@spacefactor 
l.271 \begin{displaymath}\v f
                              (x,y) = xy \widehat{i} + (x^2 + z) \widehat{j}...
Sorry, but I'm not programmed to handle this case;
I'll just pretend that you didn't ask for it.
If you're in the wrong mode, you might be able to
return to the right one by typing `I}' or `I$' or `I\par'.

Missing character: There is no ^^e8 in font cmex10!
l2hSize :displaymath109:24.0pt::0.0pt::349.0pt.
[28


]

LaTeX Warning: Command \v invalid in math mode on input line 278.

! Please use \mathaccent for accents in math mode.
\add@accent ...@spacefactor \spacefactor }\accent 
                                                  #1 #2\egroup \spacefactor ...
l.278 \begin{displaymath}\oint_C \v f
                                      \cdot d\v x
I'm changing \accent to \mathaccent here; wish me luck.
(Accents are not the same in formulas as they are in text.)

! You can't use `\spacefactor' in display math mode.
\add@accent ...}\accent #1 #2\egroup \spacefactor 
                                                  \accent@spacefactor 
l.278 \begin{displaymath}\oint_C \v f
                                      \cdot d\v x
Sorry, but I'm not programmed to handle this case;
I'll just pretend that you didn't ask for it.
If you're in the wrong mode, you might be able to
return to the right one by typing `I}' or `I$' or `I\par'.


LaTeX Warning: Command \v invalid in math mode on input line 278.

! Please use \mathaccent for accents in math mode.
\add@accent ...@spacefactor \spacefactor }\accent 
                                                  #1 #2\egroup \spacefactor ...
l.278 \begin{displaymath}\oint_C \v f \cdot d\v x
                                                 
I'm changing \accent to \mathaccent here; wish me luck.
(Accents are not the same in formulas as they are in text.)

! You can't use `\spacefactor' in display math mode.
\add@accent ...}\accent #1 #2\egroup \spacefactor 
                                                  \accent@spacefactor 
l.278 \begin{displaymath}\oint_C \v f \cdot d\v x
                                                 
Sorry, but I'm not programmed to handle this case;
I'll just pretend that you didn't ask for it.
If you're in the wrong mode, you might be able to
return to the right one by typing `I}' or `I$' or `I\par'.

Missing character: There is no ^^e8 in font cmex10!
Missing character: There is no ^^e8 in font cmex10!
l2hSize :displaymath110:34.66695pt::0.0pt::349.0pt.
[29


]

LaTeX Warning: Command \v invalid in math mode on input line 285.

! Please use \mathaccent for accents in math mode.
\add@accent ...@spacefactor \spacefactor }\accent 
                                                  #1 #2\egroup \spacefactor ...
l.285 \begin{displaymath}\v f
                             (x,y,z) = (x+y) \widehat{i} + (x+z) \widehat{j}...
I'm changing \accent to \mathaccent here; wish me luck.
(Accents are not the same in formulas as they are in text.)

! You can't use `\spacefactor' in display math mode.
\add@accent ...}\accent #1 #2\egroup \spacefactor 
                                                  \accent@spacefactor 
l.285 \begin{displaymath}\v f
                             (x,y,z) = (x+y) \widehat{i} + (x+z) \widehat{j}...
Sorry, but I'm not programmed to handle this case;
I'll just pretend that you didn't ask for it.
If you're in the wrong mode, you might be able to
return to the right one by typing `I}' or `I$' or `I\par'.

Missing character: There is no ^^e8 in font cmex10!
l2hSize :displaymath111:24.0pt::0.0pt::349.0pt.
[30


]
l2hSize :tex2html_wrap_inline346:66.1277pt::66.1277pt::108.405pt.
[31


]
l2hSize :tex2html_wrap_inline347:56.965pt::56.965pt::108.405pt.
[32


]
l2hSize :displaymath112:34.66695pt::0.0pt::349.0pt.
[33


]

LaTeX Warning: Command \v invalid in math mode on input line 311.

! Please use \mathaccent for accents in math mode.
\add@accent ...@spacefactor \spacefactor }\accent 
                                                  #1 #2\egroup \spacefactor ...
l.311 \begin{displaymath}\v F
                              = \sin y \widehat{i} + (x \cos y + y^2) \wideh...
I'm changing \accent to \mathaccent here; wish me luck.
(Accents are not the same in formulas as they are in text.)

! You can't use `\spacefactor' in display math mode.
\add@accent ...}\accent #1 #2\egroup \spacefactor 
                                                  \accent@spacefactor 
l.311 \begin{displaymath}\v F
                              = \sin y \widehat{i} + (x \cos y + y^2) \wideh...
Sorry, but I'm not programmed to handle this case;
I'll just pretend that you didn't ask for it.
If you're in the wrong mode, you might be able to
return to the right one by typing `I}' or `I$' or `I\par'.

Missing character: There is no ^^e7 in font cmex10!
l2hSize :displaymath113:24.0pt::0.0pt::349.0pt.
[34


] (./images.aux) ) 
Here is how much of TeX's memory you used:
 1212 strings out of 60985
 14683 string characters out of 4939378
 61159 words of memory out of 8000001
 4204 multiletter control sequences out of 10000+65535
 7813 words of font info for 27 fonts, out of 1000000 for 1000
 276 hyphenation exceptions out of 1000
 27i,6n,23p,204b,233s stack positions out of 15000i,4000n,6000p,200000b,40000s

Output written on images.dvi (34 pages, 9456 bytes).
