This is TeX, Version 3.14159 (Web2C 7.3.3.1) (format=latex 2001.9.20)  1 MAY 2002 16:56
**./images.tex
(./images.tex
LaTeX2e <2000/06/01>
Loading CZ hyphenation patterns: Pavel Sevecek, v3, 1995
Loading SK hyphenation patterns: Jana Chlebikova, 1992
Babel <v3.7h> and hyphenation patterns for english, dumylang, nohyphenation, cz
ech, slovak, german, ngerman, danish, spanish, catalan, finnish, french, ukengl
ish, greek, croatian, hungarian, italian, latin, mongolian, dutch, norwegian, p
olish, portuguese, russian, ukrainian, serbocroat, swedish, loaded.

(/opt-cassandra/TeXLive6/texmf/tex/latex/base/article.cls
Document Class: article 2000/05/19 v1.4b Standard LaTeX document class
(/opt-cassandra/TeXLive6/texmf/tex/latex/base/size12.clo
File: size12.clo 2000/05/19 v1.4b Standard LaTeX file (size option)
)
\c@part=\count79
\c@section=\count80
\c@subsection=\count81
\c@subsubsection=\count82
\c@paragraph=\count83
\c@subparagraph=\count84
\c@figure=\count85
\c@table=\count86
\abovecaptionskip=\skip41
\belowcaptionskip=\skip42
\bibindent=\dimen102
) (/opt-cassandra/TeXLive6/texmf/tex/latex/graphics/graphicx.sty
Package: graphicx 1999/02/16 v1.0f Enhanced LaTeX Graphics (DPC,SPQR)
(/opt-cassandra/TeXLive6/texmf/tex/latex/graphics/keyval.sty
Package: keyval 1999/03/16 v1.13 key=value parser (DPC)
\KV@toks@=\toks14
) (/opt-cassandra/TeXLive6/texmf/tex/latex/graphics/graphics.sty
Package: graphics 1999/02/16 v1.0l Standard LaTeX Graphics (DPC,SPQR)
(/opt-cassandra/TeXLive6/texmf/tex/latex/graphics/trig.sty
Package: trig 1999/03/16 v1.09 sin cos tan (DPC)
) (/opt-cassandra/TeXLive6/texmf/tex/latex/texlive/graphics.cfg
File: graphics.cfg 2001/03/31 v1.0 graphics configuration of teTeX/TeXLive
)
Package graphics Info: Driver file: dvips.def on input line 80.
(/opt-cassandra/TeXLive6/texmf/tex/latex/graphics/dvips.def
File: dvips.def 1999/02/16 v3.0i Driver-dependant file (DPC,SPQR)
))
\Gin@req@height=\dimen103
\Gin@req@width=\dimen104
) (/opt-cassandra/TeXLive6/texmf/tex/latex/graphics/color.sty
Package: color 1999/02/16 v1.0i Standard LaTeX Color (DPC)
(/opt-cassandra/TeXLive6/texmf/tex/latex/texlive/color.cfg
File: color.cfg 2001/03/31 v1.0 color configuration of teTeX/TeXLive
)
Package color Info: Driver file: dvips.def on input line 125.
(/opt-cassandra/TeXLive6/texmf/tex/latex/graphics/dvipsnam.def
File: dvipsnam.def 1999/02/16 v3.0i Driver-dependant file (DPC,SPQR)
))
\sizebox=\box26
\lthtmlwrite=\write3
(./images.aux)
\openout1 = `images.aux'.

LaTeX Font Info:    Checking defaults for OML/cmm/m/it on input line 83.
LaTeX Font Info:    ... okay on input line 83.
LaTeX Font Info:    Checking defaults for T1/cmr/m/n on input line 83.
LaTeX Font Info:    ... okay on input line 83.
LaTeX Font Info:    Checking defaults for OT1/cmr/m/n on input line 83.
LaTeX Font Info:    ... okay on input line 83.
LaTeX Font Info:    Checking defaults for OMS/cmsy/m/n on input line 83.
LaTeX Font Info:    ... okay on input line 83.
LaTeX Font Info:    Checking defaults for OMX/cmex/m/n on input line 83.
LaTeX Font Info:    ... okay on input line 83.
LaTeX Font Info:    Checking defaults for U/cmr/m/n on input line 83.
LaTeX Font Info:    ... okay on input line 83.
latex2htmlLength hsize=349.0pt
latex2htmlLength vsize=681.295pt
latex2htmlLength hoffset=0.0pt
latex2htmlLength voffset=0.0pt
latex2htmlLength topmargin=0.0pt
latex2htmlLength topskip=0.00003pt
latex2htmlLength headheight=0.0pt
latex2htmlLength headsep=0.0pt
latex2htmlLength parskip=0.0pt plus 1.0pt
latex2htmlLength oddsidemargin=0.0pt
latex2htmlLength evensidemargin=0.0pt
LaTeX Font Info:    External font `cmex10' loaded for size
(Font)              <12> on input line 101.
LaTeX Font Info:    External font `cmex10' loaded for size
(Font)              <8> on input line 101.
LaTeX Font Info:    External font `cmex10' loaded for size
(Font)              <6> on input line 101.
l2hSize :displaymath133:25.68282pt::0.0pt::349.0pt.
[1


]
l2hSize :displaymath134:25.68282pt::0.0pt::349.0pt.
[2


]
l2hSize :tex2html_wrap_inline157:8.33331pt::0.0pt::13.61792pt.
[3


]
l2hSize :displaymath135:17.5pt::0.0pt::349.0pt.
[4


]
l2hSize :eqnarraystar24:70.27591pt::0.0pt::349.0pt.
[5


]
File: ab3am4.eps Graphic file (type eps)
<ab3am4.eps>
l2hSize :tex2html_wrap231:176.63034pt::0.0pt::349.0pt.
[6


]
l2hSize :displaymath136:25.68282pt::0.0pt::349.0pt.
[7


]
l2hSize :eqnarraystar42:70.27591pt::0.0pt::349.0pt.
[8


]
File: ab4am4.eps Graphic file (type eps)
<ab4am4.eps>
l2hSize :tex2html_wrap247:176.63034pt::0.0pt::349.0pt.
[9


]
l2hSize :displaymath137:25.08282pt::0.0pt::349.0pt.
[10


]
l2hSize :eqnarraystar58:75.20306pt::0.0pt::349.0pt.
[11


]
l2hSize :displaymath139:16.83331pt::0.0pt::349.0pt.
[12


]
l2hSize :displaymath140:25.85153pt::0.0pt::349.0pt.
[13


]
l2hSize :tex2html_wrap_inline169:9.5pt::9.5pt::70.03061pt.
[14


]
l2hSize :tex2html_wrap_inline175:10.38034pt::10.38034pt::36.51797pt.
[15


]

LaTeX Warning: Command \v invalid in math mode on input line 212.

! Please use \mathaccent for accents in math mode.
\add@accent ...@spacefactor \spacefactor }\accent 
                                                  #1 #2\egroup \spacefactor ...
l.212 \begin{displaymath}\v u
                             (x,y;\Gamma,x_0,y_0) = \frac{\Gamma}{2 \pi} \fr...
I'm changing \accent to \mathaccent here; wish me luck.
(Accents are not the same in formulas as they are in text.)

! You can't use `\spacefactor' in display math mode.
\add@accent ...}\accent #1 #2\egroup \spacefactor 
                                                  \accent@spacefactor 
l.212 \begin{displaymath}\v u
                             (x,y;\Gamma,x_0,y_0) = \frac{\Gamma}{2 \pi} \fr...
Sorry, but I'm not programmed to handle this case;
I'll just pretend that you didn't ask for it.
If you're in the wrong mode, you might be able to
return to the right one by typing `I}' or `I$' or `I\par'.

Missing character: There is no ^^e8 in font cmex10!
l2hSize :displaymath83:31.00029pt::0.0pt::349.0pt.
[16


]
l2hSize :tex2html_wrap_inline181:8.2pt::0.0pt::7.3416pt.
[17


]
l2hSize :tex2html_wrap_inline183:9.51027pt::0.0pt::39.6469pt.
[18


]

LaTeX Warning: Command \v invalid in math mode on input line 236.

! Please use \mathaccent for accents in math mode.
\add@accent ...@spacefactor \spacefactor }\accent 
                                                  #1 #2\egroup \spacefactor ...
l.236 $\v v
           $%
I'm changing \accent to \mathaccent here; wish me luck.
(Accents are not the same in formulas as they are in text.)

! You can't use `\spacefactor' in math mode.
\add@accent ...}\accent #1 #2\egroup \spacefactor 
                                                  \accent@spacefactor 
l.236 $\v v
           $%
Sorry, but I'm not programmed to handle this case;
I'll just pretend that you didn't ask for it.
If you're in the wrong mode, you might be able to
return to the right one by typing `I}' or `I$' or `I\par'.

Missing character: There is no ^^e8 in font cmex10!
l2hSize :tex2html_wrap_inline189:7.75pt::0.0pt::6.11104pt.
[19


]

LaTeX Warning: Command \v invalid in math mode on input line 242.

! Please use \mathaccent for accents in math mode.
\add@accent ...@spacefactor \spacefactor }\accent 
                                                  #1 #2\egroup \spacefactor ...
l.242 \begin{displaymath}\v v
                             (x,y) = \v u(x,y;\Gamma,x_0,y_0) + \v u(x,y;-\G...
I'm changing \accent to \mathaccent here; wish me luck.
(Accents are not the same in formulas as they are in text.)

! You can't use `\spacefactor' in display math mode.
\add@accent ...}\accent #1 #2\egroup \spacefactor 
                                                  \accent@spacefactor 
l.242 \begin{displaymath}\v v
                             (x,y) = \v u(x,y;\Gamma,x_0,y_0) + \v u(x,y;-\G...
Sorry, but I'm not programmed to handle this case;
I'll just pretend that you didn't ask for it.
If you're in the wrong mode, you might be able to
return to the right one by typing `I}' or `I$' or `I\par'.


LaTeX Warning: Command \v invalid in math mode on input line 242.

! Please use \mathaccent for accents in math mode.
\add@accent ...@spacefactor \spacefactor }\accent 
                                                  #1 #2\egroup \spacefactor ...
l.242 \begin{displaymath}\v v(x,y) = \v u
                                         (x,y;\Gamma,x_0,y_0) + \v u(x,y;-\G...
I'm changing \accent to \mathaccent here; wish me luck.
(Accents are not the same in formulas as they are in text.)

! You can't use `\spacefactor' in display math mode.
\add@accent ...}\accent #1 #2\egroup \spacefactor 
                                                  \accent@spacefactor 
l.242 \begin{displaymath}\v v(x,y) = \v u
                                         (x,y;\Gamma,x_0,y_0) + \v u(x,y;-\G...
Sorry, but I'm not programmed to handle this case;
I'll just pretend that you didn't ask for it.
If you're in the wrong mode, you might be able to
return to the right one by typing `I}' or `I$' or `I\par'.


LaTeX Warning: Command \v invalid in math mode on input line 242.

! Please use \mathaccent for accents in math mode.
\add@accent ...@spacefactor \spacefactor }\accent 
                                                  #1 #2\egroup \spacefactor ...
l.242 ... v(x,y) = \v u(x,y;\Gamma,x_0,y_0) + \v u
                                                  (x,y;-\Gamma,x_0,-y_0),
I'm changing \accent to \mathaccent here; wish me luck.
(Accents are not the same in formulas as they are in text.)

! You can't use `\spacefactor' in display math mode.
\add@accent ...}\accent #1 #2\egroup \spacefactor 
                                                  \accent@spacefactor 
l.242 ... v(x,y) = \v u(x,y;\Gamma,x_0,y_0) + \v u
                                                  (x,y;-\Gamma,x_0,-y_0),
Sorry, but I'm not programmed to handle this case;
I'll just pretend that you didn't ask for it.
If you're in the wrong mode, you might be able to
return to the right one by typing `I}' or `I$' or `I\par'.

Missing character: There is no ^^e8 in font cmex10!
Missing character: There is no ^^e8 in font cmex10!
Missing character: There is no ^^e8 in font cmex10!
l2hSize :displaymath93:17.5pt::0.0pt::349.0pt.
[20


]
l2hSize :tex2html_wrap_inline191:8.25pt::8.25pt::47.99274pt.
[21


]
l2hSize :displaymath142:29.85977pt::0.0pt::349.0pt.
[22


]
l2hSize :displaymath143:27.62848pt::0.0pt::349.0pt.
[23


]
l2hSize :displaymath144:25.85153pt::0.0pt::349.0pt.
[24


]
l2hSize :tex2html_wrap_inline199:10.38034pt::10.38034pt::15.15018pt.
[25


]
File: t0.9.eps Graphic file (type eps)
<t0.9.eps>
l2hSize :tex2html_wrap337:145.99832pt::0.0pt::349.0pt.
[26


]
File: t1.0.eps Graphic file (type eps)
<t1.0.eps>
l2hSize :tex2html_wrap339:145.99832pt::0.0pt::349.0pt.
[27


] (./images.aux) ) 
Here is how much of TeX's memory you used:
 756 strings out of 60985
 9875 string characters out of 4939378
 54905 words of memory out of 8000001
 3759 multiletter control sequences out of 10000+65535
 7139 words of font info for 24 fonts, out of 1000000 for 1000
 276 hyphenation exceptions out of 1000
 25i,8n,21p,185b,234s stack positions out of 15000i,4000n,6000p,200000b,40000s

Output written on images.dvi (27 pages, 9944 bytes).
