This is TeX, Version 3.14159 (Web2C 7.3.2x) (format=latex 2000.11.2)  9 APR 2001 12:02
**./images.tex
(./images.tex
LaTeX2e <1999/12/01> patch level 1
Babel <v3.6Z> and hyphenation patterns for english, french, german, ngerman, du
mylang, nohyphenation, loaded.

(/opt-cassandra/TeXLive5/texmf/tex/latex/base/article.cls
Document Class: article 1999/09/10 v1.4a Standard LaTeX document class
(/opt-cassandra/TeXLive5/texmf/tex/latex/base/size12.clo
File: size12.clo 1999/09/10 v1.4a Standard LaTeX file (size option)
)
\c@part=\count79
\c@section=\count80
\c@subsection=\count81
\c@subsubsection=\count82
\c@paragraph=\count83
\c@subparagraph=\count84
\c@figure=\count85
\c@table=\count86
\abovecaptionskip=\skip41
\belowcaptionskip=\skip42
\bibindent=\dimen102
) (/opt-cassandra/TeXLive5/texmf/tex/generic/dvips/epsf.sty
This is `epsf.tex' v2.7 <25 October 1996>
\epsffilein=\read1
\epsfframemargin=\dimen103
\epsfframethickness=\dimen104
\epsfrsize=\dimen105
\epsftmp=\dimen106
\epsftsize=\dimen107
\epsfxsize=\dimen108
\epsfysize=\dimen109
\pspoints=\dimen110
) (/opt-cassandra/TeXLive5/texmf/tex/latex/graphics/color.sty
Package: color 1999/02/16 v1.0i Standard LaTeX Color (DPC)
(/opt-cassandra/TeXLive5/texmf/tex/latex/texlive/color.cfg)
Package color Info: Driver file: dvips.def on input line 125.
(/opt-cassandra/TeXLive5/texmf/tex/latex/graphics/dvips.def
File: dvips.def 1999/02/16 v3.0i Driver-dependant file (DPC,SPQR)
) (/opt-cassandra/TeXLive5/texmf/tex/latex/graphics/dvipsnam.def
File: dvipsnam.def 1999/02/16 v3.0i Driver-dependant file (DPC,SPQR)
))
\sizebox=\box26
\lthtmlwrite=\write3
(./images.aux)
\openout1 = `images.aux'.

LaTeX Font Info:    Checking defaults for OML/cmm/m/it on input line 89.
LaTeX Font Info:    ... okay on input line 89.
LaTeX Font Info:    Checking defaults for T1/cmr/m/n on input line 89.
LaTeX Font Info:    ... okay on input line 89.
LaTeX Font Info:    Checking defaults for OT1/cmr/m/n on input line 89.
LaTeX Font Info:    ... okay on input line 89.
LaTeX Font Info:    Checking defaults for OMS/cmsy/m/n on input line 89.
LaTeX Font Info:    ... okay on input line 89.
LaTeX Font Info:    Checking defaults for OMX/cmex/m/n on input line 89.
LaTeX Font Info:    ... okay on input line 89.
LaTeX Font Info:    Checking defaults for U/cmr/m/n on input line 89.
LaTeX Font Info:    ... okay on input line 89.
latex2htmlLength hsize=349.0pt
latex2htmlLength vsize=627.0925pt
latex2htmlLength hoffset=0.0pt
latex2htmlLength voffset=0.0pt
latex2htmlLength topmargin=0.0pt
latex2htmlLength topskip=0.00003pt
latex2htmlLength headheight=0.0pt
latex2htmlLength headsep=0.0pt
latex2htmlLength parskip=0.0pt plus 1.0pt
latex2htmlLength oddsidemargin=0.0pt
latex2htmlLength evensidemargin=0.0pt
LaTeX Font Info:    External font `cmex10' loaded for size
(Font)              <12> on input line 109.
LaTeX Font Info:    External font `cmex10' loaded for size
(Font)              <8> on input line 109.
LaTeX Font Info:    External font `cmex10' loaded for size
(Font)              <6> on input line 109.

LaTeX Warning: Command \v invalid in math mode on input line 109.

! Please use \mathaccent for accents in math mode.
\add@accent ...@spacefactor \spacefactor }\accent 
                                                  #1 #2}\spacefactor \accent...
l.109 $\v p
           $%
I'm changing \accent to \mathaccent here; wish me luck.
(Accents are not the same in formulas as they are in text.)

! You can't use `\spacefactor' in math mode.
\add@accent ...factor }\accent #1 #2}\spacefactor 
                                                  \accent@spacefactor 
l.109 $\v p
           $%
Sorry, but I'm not programmed to handle this case;
I'll just pretend that you didn't ask for it.
If you're in the wrong mode, you might be able to
return to the right one by typing `I}' or `I$' or `I\par'.

Missing character: There is no ^^e8 in font cmex10!
l2hSize :tex2html_wrap_inline43:8.25pt::8.25pt::5.89717pt.
[1


]
l2hSize :displaymath37:33.38918pt::0.0pt::349.0pt.
[2


]
l2hSize :displaymath38:33.38918pt::0.0pt::349.0pt.
[3


]
l2hSize :tex2html_wrap_inline17:7.75pt::0.0pt::6.00002pt.
[4


] (./images.aux) ) 
Here is how much of TeX's memory you used:
 603 strings out of 10872
 7851 string characters out of 70739
 48953 words of memory out of 263001
 3570 multiletter control sequences out of 10000+0
 6376 words of font info for 23 fonts, out of 200000 for 1000
 14 hyphenation exceptions out of 1000
 22i,5n,19p,182b,219s stack positions out of 300i,100n,500p,200000b,4000s

Output written on images.dvi (4 pages, 1392 bytes).
