This is TeX, Version 3.14159 (Web2C 7.3.2x) (format=latex 2000.11.2)  26 SEP 2002 09:34
**./images.tex
(./images.tex
LaTeX2e <1999/12/01> patch level 1
Babel <v3.6Z> and hyphenation patterns for english, french, german, ngerman, du
mylang, nohyphenation, loaded.

(/opt-cassandra/TeXLive5/texmf/tex/latex/base/article.cls
Document Class: article 1999/09/10 v1.4a Standard LaTeX document class
(/opt-cassandra/TeXLive5/texmf/tex/latex/base/size12.clo
File: size12.clo 1999/09/10 v1.4a Standard LaTeX file (size option)
)
\c@part=\count79
\c@section=\count80
\c@subsection=\count81
\c@subsubsection=\count82
\c@paragraph=\count83
\c@subparagraph=\count84
\c@figure=\count85
\c@table=\count86
\abovecaptionskip=\skip41
\belowcaptionskip=\skip42
\bibindent=\dimen102
) (/opt-cassandra/TeXLive5/texmf/tex/latex/graphics/color.sty
Package: color 1999/02/16 v1.0i Standard LaTeX Color (DPC)
(/opt-cassandra/TeXLive5/texmf/tex/latex/texlive/color.cfg)
Package color Info: Driver file: dvips.def on input line 125.
(/opt-cassandra/TeXLive5/texmf/tex/latex/graphics/dvips.def
File: dvips.def 1999/02/16 v3.0i Driver-dependant file (DPC,SPQR)
) (/opt-cassandra/TeXLive5/texmf/tex/latex/graphics/dvipsnam.def
File: dvipsnam.def 1999/02/16 v3.0i Driver-dependant file (DPC,SPQR)
))
\sizebox=\box26
\lthtmlwrite=\write3
(./images.aux)
\openout1 = `images.aux'.

LaTeX Font Info:    Checking defaults for OML/cmm/m/it on input line 81.
LaTeX Font Info:    ... okay on input line 81.
LaTeX Font Info:    Checking defaults for T1/cmr/m/n on input line 81.
LaTeX Font Info:    ... okay on input line 81.
LaTeX Font Info:    Checking defaults for OT1/cmr/m/n on input line 81.
LaTeX Font Info:    ... okay on input line 81.
LaTeX Font Info:    Checking defaults for OMS/cmsy/m/n on input line 81.
LaTeX Font Info:    ... okay on input line 81.
LaTeX Font Info:    Checking defaults for OMX/cmex/m/n on input line 81.
LaTeX Font Info:    ... okay on input line 81.
LaTeX Font Info:    Checking defaults for U/cmr/m/n on input line 81.
LaTeX Font Info:    ... okay on input line 81.
latex2htmlLength hsize=349.0pt
latex2htmlLength vsize=681.295pt
latex2htmlLength hoffset=0.0pt
latex2htmlLength voffset=0.0pt
latex2htmlLength topmargin=0.0pt
latex2htmlLength topskip=0.00003pt
latex2htmlLength headheight=0.0pt
latex2htmlLength headsep=0.0pt
latex2htmlLength parskip=0.0pt plus 1.0pt
latex2htmlLength oddsidemargin=0.0pt
latex2htmlLength evensidemargin=0.0pt
LaTeX Font Info:    External font `cmex10' loaded for size
(Font)              <12> on input line 99.
LaTeX Font Info:    External font `cmex10' loaded for size
(Font)              <8> on input line 99.
LaTeX Font Info:    External font `cmex10' loaded for size
(Font)              <6> on input line 99.
l2hSize :tex2html_wrap_inline67:9.5pt::9.5pt::48.97542pt.
[1


]
l2hSize :displaymath49:25.68282pt::0.0pt::349.0pt.
[2


]
l2hSize :displaymath50:16.29999pt::0.0pt::349.0pt.
[3


]
l2hSize :displaymath51:25.68282pt::0.0pt::349.0pt.
[4


]
l2hSize :displaymath53:25.68282pt::0.0pt::349.0pt.
[5


]
l2hSize :tex2html_wrap_inline69:8.33331pt::0.0pt::5.80202pt.
[6


]
Overfull \hbox (8.93918pt too wide) detected at line 146
\OML/cmm/m/it/12 v[] \OT1/cmr/m/n/12 = \OML/cmm/m/it/12 v[] \OT1/cmr/m/n/12 + [
] []
 []

l2hSize :displaymath55:25.68282pt::0.0pt::349.0pt.
[7


]
l2hSize :displaymath56:16.29999pt::0.0pt::349.0pt.
[8


]
l2hSize :tex2html_wrap_inline73:8.33331pt::0.0pt::27.48232pt.
[9


]
l2hSize :tex2html_wrap_inline75:8.33331pt::0.0pt::27.48232pt.
[10


]
l2hSize :displaymath57:17.5pt::0.0pt::349.0pt.
[11


] (./images.aux) ) 
Here is how much of TeX's memory you used:
 534 strings out of 10872
 6955 string characters out of 70739
 48734 words of memory out of 263001
 3505 multiletter control sequences out of 10000+0
 6376 words of font info for 23 fonts, out of 200000 for 1000
 14 hyphenation exceptions out of 1000
 22i,5n,19p,182b,219s stack positions out of 300i,100n,500p,200000b,4000s

Output written on images.dvi (11 pages, 3712 bytes).
