This is TeX, Version 3.14159 (Web2C 7.3.3.1) (format=latex 2001.9.20)  7 FEB 2002 10:10
**./images.tex
(./images.tex
LaTeX2e <2000/06/01>
Loading CZ hyphenation patterns: Pavel Sevecek, v3, 1995
Loading SK hyphenation patterns: Jana Chlebikova, 1992
Babel <v3.7h> and hyphenation patterns for english, dumylang, nohyphenation, cz
ech, slovak, german, ngerman, danish, spanish, catalan, finnish, french, ukengl
ish, greek, croatian, hungarian, italian, latin, mongolian, dutch, norwegian, p
olish, portuguese, russian, ukrainian, serbocroat, swedish, loaded.

(/opt-cassandra/TeXLive6/texmf/tex/latex/base/article.cls
Document Class: article 2000/05/19 v1.4b Standard LaTeX document class
(/opt-cassandra/TeXLive6/texmf/tex/latex/base/size10.clo
File: size10.clo 2000/05/19 v1.4b Standard LaTeX file (size option)
)
\c@part=\count79
\c@section=\count80
\c@subsection=\count81
\c@subsubsection=\count82
\c@paragraph=\count83
\c@subparagraph=\count84
\c@figure=\count85
\c@table=\count86
\abovecaptionskip=\skip41
\belowcaptionskip=\skip42
\bibindent=\dimen102
) (/opt-cassandra/TeXLive6/texmf/tex/latex/graphics/color.sty
Package: color 1999/02/16 v1.0i Standard LaTeX Color (DPC)
(/opt-cassandra/TeXLive6/texmf/tex/latex/texlive/color.cfg
File: color.cfg 2001/03/31 v1.0 color configuration of teTeX/TeXLive
)
Package color Info: Driver file: dvips.def on input line 125.
(/opt-cassandra/TeXLive6/texmf/tex/latex/graphics/dvips.def
File: dvips.def 1999/02/16 v3.0i Driver-dependant file (DPC,SPQR)
) (/opt-cassandra/TeXLive6/texmf/tex/latex/graphics/dvipsnam.def
File: dvipsnam.def 1999/02/16 v3.0i Driver-dependant file (DPC,SPQR)
))
\sizebox=\box26
\lthtmlwrite=\write3
(./images.aux)
\openout1 = `images.aux'.

LaTeX Font Info:    Checking defaults for OML/cmm/m/it on input line 81.
LaTeX Font Info:    ... okay on input line 81.
LaTeX Font Info:    Checking defaults for T1/cmr/m/n on input line 81.
LaTeX Font Info:    ... okay on input line 81.
LaTeX Font Info:    Checking defaults for OT1/cmr/m/n on input line 81.
LaTeX Font Info:    ... okay on input line 81.
LaTeX Font Info:    Checking defaults for OMS/cmsy/m/n on input line 81.
LaTeX Font Info:    ... okay on input line 81.
LaTeX Font Info:    Checking defaults for OMX/cmex/m/n on input line 81.
LaTeX Font Info:    ... okay on input line 81.
LaTeX Font Info:    Checking defaults for U/cmr/m/n on input line 81.
LaTeX Font Info:    ... okay on input line 81.
latex2htmlLength hsize=349.0pt
latex2htmlLength vsize=681.295pt
latex2htmlLength hoffset=0.0pt
latex2htmlLength voffset=0.0pt
latex2htmlLength topmargin=0.0pt
latex2htmlLength topskip=0.00003pt
latex2htmlLength headheight=0.0pt
latex2htmlLength headsep=0.0pt
latex2htmlLength parskip=0.0pt plus 1.0pt
latex2htmlLength oddsidemargin=0.0pt
latex2htmlLength evensidemargin=0.0pt
LaTeX Font Info:    External font `cmex10' loaded for size
(Font)              <7> on input line 99.
LaTeX Font Info:    External font `cmex10' loaded for size
(Font)              <5> on input line 99.
l2hSize :tex2html_wrap_inline317:13.72223pt::13.72223pt::361.34999pt.

Overfull \hbox (15.85004pt too wide) in paragraph at lines 102--103
[]|[] 
 []

[1


]
l2hSize :tex2html_wrap_inline51:6.45831pt::0.0pt::7.7778pt.
[2


]
l2hSize :tex2html_wrap_inline11:6.45831pt::0.0pt::5.00002pt.
[3


]
l2hSize :tex2html_wrap_inline55:8.49002pt::0.0pt::14.33339pt.
[4


]
l2hSize :tex2html_wrap_inline53:6.45831pt::0.0pt::5.00002pt.
[5


]
l2hSize :tex2html_wrap_inline57:6.45831pt::0.0pt::10.00002pt.
[6


]
l2hSize :tex2html_wrap_inline59:6.45831pt::0.0pt::10.00002pt.
[7


] (./images.aux) ) 
Here is how much of TeX's memory you used:
 517 strings out of 60985
 6790 string characters out of 4939378
 48536 words of memory out of 8000001
 3548 multiletter control sequences out of 10000+65535
 4403 words of font info for 15 fonts, out of 1000000 for 1000
 276 hyphenation exceptions out of 1000
 23i,5n,19p,182b,219s stack positions out of 15000i,4000n,6000p,200000b,40000s

Output written on images.dvi (7 pages, 1656 bytes).
