This is TeX, Version 3.14159 (Web2C 7.3.3.1) (format=latex 2001.9.20)  22 OCT 2001 16:35
**./images.tex
(./images.tex
LaTeX2e <2000/06/01>
Loading CZ hyphenation patterns: Pavel Sevecek, v3, 1995
Loading SK hyphenation patterns: Jana Chlebikova, 1992
Babel <v3.7h> and hyphenation patterns for english, dumylang, nohyphenation, cz
ech, slovak, german, ngerman, danish, spanish, catalan, finnish, french, ukengl
ish, greek, croatian, hungarian, italian, latin, mongolian, dutch, norwegian, p
olish, portuguese, russian, ukrainian, serbocroat, swedish, loaded.

(/opt-cassandra/TeXLive6/texmf/tex/latex/base/article.cls
Document Class: article 2000/05/19 v1.4b Standard LaTeX document class
(/opt-cassandra/TeXLive6/texmf/tex/latex/base/size12.clo
File: size12.clo 2000/05/19 v1.4b Standard LaTeX file (size option)
)
\c@part=\count79
\c@section=\count80
\c@subsection=\count81
\c@subsubsection=\count82
\c@paragraph=\count83
\c@subparagraph=\count84
\c@figure=\count85
\c@table=\count86
\abovecaptionskip=\skip41
\belowcaptionskip=\skip42
\bibindent=\dimen102
) (/opt-cassandra/TeXLive6/texmf/tex/latex/graphics/graphicx.sty
Package: graphicx 1999/02/16 v1.0f Enhanced LaTeX Graphics (DPC,SPQR)
(/opt-cassandra/TeXLive6/texmf/tex/latex/graphics/keyval.sty
Package: keyval 1999/03/16 v1.13 key=value parser (DPC)
\KV@toks@=\toks14
) (/opt-cassandra/TeXLive6/texmf/tex/latex/graphics/graphics.sty
Package: graphics 1999/02/16 v1.0l Standard LaTeX Graphics (DPC,SPQR)
(/opt-cassandra/TeXLive6/texmf/tex/latex/graphics/trig.sty
Package: trig 1999/03/16 v1.09 sin cos tan (DPC)
) (/opt-cassandra/TeXLive6/texmf/tex/latex/texlive/graphics.cfg
File: graphics.cfg 2001/03/31 v1.0 graphics configuration of teTeX/TeXLive
)
Package graphics Info: Driver file: dvips.def on input line 80.
(/opt-cassandra/TeXLive6/texmf/tex/latex/graphics/dvips.def
File: dvips.def 1999/02/16 v3.0i Driver-dependant file (DPC,SPQR)
))
\Gin@req@height=\dimen103
\Gin@req@width=\dimen104
) (/opt-cassandra/TeXLive6/texmf/tex/latex/graphics/color.sty
Package: color 1999/02/16 v1.0i Standard LaTeX Color (DPC)
(/opt-cassandra/TeXLive6/texmf/tex/latex/texlive/color.cfg
File: color.cfg 2001/03/31 v1.0 color configuration of teTeX/TeXLive
)
Package color Info: Driver file: dvips.def on input line 125.
(/opt-cassandra/TeXLive6/texmf/tex/latex/graphics/dvipsnam.def
File: dvipsnam.def 1999/02/16 v3.0i Driver-dependant file (DPC,SPQR)
))
\sizebox=\box26
\lthtmlwrite=\write3
(./images.aux)
\openout1 = `images.aux'.

LaTeX Font Info:    Checking defaults for OML/cmm/m/it on input line 81.
LaTeX Font Info:    ... okay on input line 81.
LaTeX Font Info:    Checking defaults for T1/cmr/m/n on input line 81.
LaTeX Font Info:    ... okay on input line 81.
LaTeX Font Info:    Checking defaults for OT1/cmr/m/n on input line 81.
LaTeX Font Info:    ... okay on input line 81.
LaTeX Font Info:    Checking defaults for OMS/cmsy/m/n on input line 81.
LaTeX Font Info:    ... okay on input line 81.
LaTeX Font Info:    Checking defaults for OMX/cmex/m/n on input line 81.
LaTeX Font Info:    ... okay on input line 81.
LaTeX Font Info:    Checking defaults for U/cmr/m/n on input line 81.
LaTeX Font Info:    ... okay on input line 81.
latex2htmlLength hsize=349.0pt
latex2htmlLength vsize=645.16pt
latex2htmlLength hoffset=0.0pt
latex2htmlLength voffset=0.0pt
latex2htmlLength topmargin=0.0pt
latex2htmlLength topskip=0.00003pt
latex2htmlLength headheight=0.0pt
latex2htmlLength headsep=0.0pt
latex2htmlLength parskip=0.0pt plus 1.0pt
latex2htmlLength oddsidemargin=0.0pt
latex2htmlLength evensidemargin=0.0pt
! Illegal parameter number in definition of \@tempb.
<to be read again> 
                   1
l.99 \resizebox{4in}{!}{\includegraphics{#1}}
                                             %
You meant to type ## instead of #, right?
Or maybe a } was forgotten somewhere earlier, and things
are all screwed up? I'm going to assume that you meant ##.

! Illegal parameter number in definition of \reserved@a.
<to be read again> 
                   1
l.99 \resizebox{4in}{!}{\includegraphics{#1}}
                                             %
You meant to type ## instead of #, right?
Or maybe a } was forgotten somewhere earlier, and things
are all screwed up? I'm going to assume that you meant ##.

! Illegal parameter number in definition of \filename@base.
<to be read again> 
                   1
l.99 \resizebox{4in}{!}{\includegraphics{#1}}
                                             %
You meant to type ## instead of #, right?
Or maybe a } was forgotten somewhere earlier, and things
are all screwed up? I'm going to assume that you meant ##.


! Illegal parameter number in definition of  .
<to be read again> 
                   1
l.99 \resizebox{4in}{!}{\includegraphics{#1}}
                                             %
You meant to type ## instead of #, right?
Or maybe a } was forgotten somewhere earlier, and things
are all screwed up? I'm going to assume that you meant ##.

! LaTeX Error: File `##1' not found.

See the LaTeX manual or LaTeX Companion for explanation.
Type  H <return>  for immediate help.
 ...                                              
                                                  
l.99 \resizebox{4in}{!}{\includegraphics{#1}}
                                             %
I could not locate the file with any of these extensions:
.eps,.ps,.eps.gz,.ps.gz,.eps.Z
Try typing  <return>  to proceed.
If that doesn't work, type  X <return>  to quit.


! Package graphics Error: Division by 0.

See the graphics package documentation for explanation.
Type  H <return>  for immediate help.
 ...                                              
                                                  
l.99 \resizebox{4in}{!}{\includegraphics{#1}}
                                             %
Your command was ignored.
Type  I <command> <return>  to replace it with another command,
or  <return>  to continue without it.

l2hSize :tex2html_wrap305:0.0pt::0.0pt::349.0pt.
[1


]
File: picture3.eps Graphic file (type eps)
<picture3.eps>
l2hSize :tex2html_wrap329:70.52702pt::0.0pt::349.0pt.
[2


]
LaTeX Font Info:    External font `cmex10' loaded for size
(Font)              <12> on input line 111.
LaTeX Font Info:    External font `cmex10' loaded for size
(Font)              <8> on input line 111.
LaTeX Font Info:    External font `cmex10' loaded for size
(Font)              <6> on input line 111.
l2hSize :displaymath20:26.11134pt::0.0pt::349.0pt.
[3


]
l2hSize :displaymath161:25.68282pt::0.0pt::349.0pt.
[4


]
l2hSize :eqnarraystar28:71.22269pt::0.0pt::349.0pt.
[5


]
l2hSize :displaymath164:17.5pt::0.0pt::349.0pt.
[6


]
l2hSize :displaymath166:25.5495pt::0.0pt::349.0pt.
[7


]
l2hSize :displaymath167:26.02245pt::0.0pt::349.0pt.
[8


]
l2hSize :displaymath168:34.51819pt::0.0pt::349.0pt.
[9


]
l2hSize :eqnarraystar39:82.03644pt::0.0pt::349.0pt.
[10


]
File: picture1.eps Graphic file (type eps)
<picture1.eps>
l2hSize :tex2html_wrap353:105.33012pt::0.0pt::349.0pt.
[11


]
l2hSize :displaymath170:25.68282pt::0.0pt::349.0pt.
[12


]
l2hSize :displaymath171:31.00029pt::0.0pt::349.0pt.
[13


]
l2hSize :displaymath172:31.30713pt::0.0pt::349.0pt.
[14


]
File: picture2.eps Graphic file (type eps)
<picture2.eps>
l2hSize :tex2html_wrap375:105.33012pt::0.0pt::349.0pt.
[15


]
l2hSize :displaymath173:27.34949pt::0.0pt::349.0pt.
[16


]
l2hSize :displaymath174:27.34949pt::0.0pt::349.0pt.
[17


]
l2hSize :displaymath175:28.65976pt::0.0pt::349.0pt.
[18


]
l2hSize :eqnarraystar95:57.69897pt::0.0pt::349.0pt.
[19


]
File: soln1.eps Graphic file (type eps)
<soln1.eps>
l2hSize :tex2html_wrap397:202.84244pt::0.0pt::349.0pt.
[20


]
File: soln2.eps Graphic file (type eps)
<soln2.eps>
l2hSize :tex2html_wrap401:203.50525pt::0.0pt::349.0pt.
[21


] (./images.aux) ) 
Here is how much of TeX's memory you used:
 762 strings out of 60985
 9900 string characters out of 4939378
 54905 words of memory out of 8000001
 3758 multiletter control sequences out of 10000+65535
 7139 words of font info for 24 fonts, out of 1000000 for 1000
 276 hyphenation exceptions out of 1000
 25i,10n,23p,218b,233s stack positions out of 15000i,4000n,6000p,200000b,40000s

Output written on images.dvi (21 pages, 10228 bytes).
