This is TeX, Version 3.14159 (Web2C 7.3.2x) (format=latex 2000.11.2)  16 APR 2001 16:20
**./images.tex
(./images.tex
LaTeX2e <1999/12/01> patch level 1
Babel <v3.6Z> and hyphenation patterns for english, french, german, ngerman, du
mylang, nohyphenation, loaded.

(/opt-cassandra/TeXLive5/texmf/tex/latex/base/article.cls
Document Class: article 1999/09/10 v1.4a Standard LaTeX document class
(/opt-cassandra/TeXLive5/texmf/tex/latex/base/size12.clo
File: size12.clo 1999/09/10 v1.4a Standard LaTeX file (size option)
)
\c@part=\count79
\c@section=\count80
\c@subsection=\count81
\c@subsubsection=\count82
\c@paragraph=\count83
\c@subparagraph=\count84
\c@figure=\count85
\c@table=\count86
\abovecaptionskip=\skip41
\belowcaptionskip=\skip42
\bibindent=\dimen102
) (/opt-cassandra/TeXLive5/texmf/tex/generic/dvips/epsf.sty
This is `epsf.tex' v2.7 <25 October 1996>
\epsffilein=\read1
\epsfframemargin=\dimen103
\epsfframethickness=\dimen104
\epsfrsize=\dimen105
\epsftmp=\dimen106
\epsftsize=\dimen107
\epsfxsize=\dimen108
\epsfysize=\dimen109
\pspoints=\dimen110
) (/opt-cassandra/TeXLive5/texmf/tex/latex/amslatex/amsmath.sty
Package: amsmath 2000/06/06 v2.12 AMS math features
\@mathmargin=\skip43
For additional information on amsmath, use the `?' option.
(/opt-cassandra/TeXLive5/texmf/tex/latex/amslatex/amstext.sty
Package: amstext 1999/11/15 v2.0
(/opt-cassandra/TeXLive5/texmf/tex/latex/amslatex/amsgen.sty
File: amsgen.sty 1999/11/30 v2.0
\@emptytoks=\toks14
\ex@=\dimen111
)) (/opt-cassandra/TeXLive5/texmf/tex/latex/amslatex/amsbsy.sty
Package: amsbsy 1999/11/29 v1.2d
\pmbraise@=\dimen112
) (/opt-cassandra/TeXLive5/texmf/tex/latex/amslatex/amsopn.sty
Package: amsopn 1999/12/14 v2.01 operator names
)
\inf@bad=\count87
LaTeX Info: Redefining \frac on input line 211.
\uproot@=\count88
\leftroot@=\count89
LaTeX Info: Redefining \overline on input line 307.
\classnum@=\count90
\DOTSCASE@=\count91
LaTeX Info: Redefining \ldots on input line 379.
LaTeX Info: Redefining \dots on input line 382.
LaTeX Info: Redefining \cdots on input line 467.
\Mathstrutbox@=\box26
\strutbox@=\box27
\big@size=\dimen113
LaTeX Font Info:    Redeclaring font encoding OML on input line 567.
LaTeX Font Info:    Redeclaring font encoding OMS on input line 568.
\macc@depth=\count92
\c@MaxMatrixCols=\count93
\dotsspace@=\muskip10
\c@parentequation=\count94
\dspbrk@lvl=\count95
\tag@help=\toks15
\row@=\count96
\column@=\count97
\maxfields@=\count98
\andhelp@=\toks16
\eqnshift@=\dimen114
\alignsep@=\dimen115
\tagshift@=\dimen116
\tagwidth@=\dimen117
\totwidth@=\dimen118
\lineht@=\dimen119
\@envbody=\toks17
\multlinegap=\skip44
\multlinetaggap=\skip45
\mathdisplay@stack=\toks18
LaTeX Info: Redefining \[ on input line 2662.
LaTeX Info: Redefining \] on input line 2663.
) (/opt-cassandra/TeXLive5/texmf/tex/latex/graphics/color.sty
Package: color 1999/02/16 v1.0i Standard LaTeX Color (DPC)
(/opt-cassandra/TeXLive5/texmf/tex/latex/texlive/color.cfg)
Package color Info: Driver file: dvips.def on input line 125.
(/opt-cassandra/TeXLive5/texmf/tex/latex/graphics/dvips.def
File: dvips.def 1999/02/16 v3.0i Driver-dependant file (DPC,SPQR)
) (/opt-cassandra/TeXLive5/texmf/tex/latex/graphics/dvipsnam.def
File: dvipsnam.def 1999/02/16 v3.0i Driver-dependant file (DPC,SPQR)
))
\sizebox=\box28
\lthtmlwrite=\write3
(./images.aux)
\openout1 = `images.aux'.

LaTeX Font Info:    Checking defaults for OML/cmm/m/it on input line 84.
LaTeX Font Info:    ... okay on input line 84.
LaTeX Font Info:    Checking defaults for T1/cmr/m/n on input line 84.
LaTeX Font Info:    ... okay on input line 84.
LaTeX Font Info:    Checking defaults for OT1/cmr/m/n on input line 84.
LaTeX Font Info:    ... okay on input line 84.
LaTeX Font Info:    Checking defaults for OMS/cmsy/m/n on input line 84.
LaTeX Font Info:    ... okay on input line 84.
LaTeX Font Info:    Checking defaults for OMX/cmex/m/n on input line 84.
LaTeX Font Info:    ... okay on input line 84.
LaTeX Font Info:    Checking defaults for U/cmr/m/n on input line 84.
LaTeX Font Info:    ... okay on input line 84.
latex2htmlLength hsize=349.0pt
latex2htmlLength vsize=681.295pt
latex2htmlLength hoffset=0.0pt
latex2htmlLength voffset=0.0pt
latex2htmlLength topmargin=0.0pt
latex2htmlLength topskip=0.00003pt
latex2htmlLength headheight=0.0pt
latex2htmlLength headsep=0.0pt
latex2htmlLength parskip=0.0pt plus 1.0pt
latex2htmlLength oddsidemargin=0.0pt
latex2htmlLength evensidemargin=0.0pt
l2hSize :tex2html_wrap_inline216:8.25pt::8.25pt::28.69423pt.
[1


]
l2hSize :displaymath164:23.33331pt::0.0pt::349.0pt.
[2


]

LaTeX Warning: Command \v invalid in math mode on input line 115.

! Please use \mathaccent for accents in math mode.
\add@accent ...@spacefactor \spacefactor }\accent 
                                                  #1 #2}\spacefactor \accent...
l.115 \begin{displaymath}A(x+y) = Ax + Ay = \v 0
                                                 + \v 0 = \v 0.
I'm changing \accent to \mathaccent here; wish me luck.
(Accents are not the same in formulas as they are in text.)

! You can't use `\spacefactor' in display math mode.
\add@accent ...factor }\accent #1 #2}\spacefactor 
                                                  \accent@spacefactor 
l.115 \begin{displaymath}A(x+y) = Ax + Ay = \v 0
                                                 + \v 0 = \v 0.
Sorry, but I'm not programmed to handle this case;
I'll just pretend that you didn't ask for it.
If you're in the wrong mode, you might be able to
return to the right one by typing `I}' or `I$' or `I\par'.


LaTeX Warning: Command \v invalid in math mode on input line 115.

! Please use \mathaccent for accents in math mode.
\add@accent ...@spacefactor \spacefactor }\accent 
                                                  #1 #2}\spacefactor \accent...
l.115 ...isplaymath}A(x+y) = Ax + Ay = \v 0 + \v 0
                                                   = \v 0.
I'm changing \accent to \mathaccent here; wish me luck.
(Accents are not the same in formulas as they are in text.)

! You can't use `\spacefactor' in display math mode.
\add@accent ...factor }\accent #1 #2}\spacefactor 
                                                  \accent@spacefactor 
l.115 ...isplaymath}A(x+y) = Ax + Ay = \v 0 + \v 0
                                                   = \v 0.
Sorry, but I'm not programmed to handle this case;
I'll just pretend that you didn't ask for it.
If you're in the wrong mode, you might be able to
return to the right one by typing `I}' or `I$' or `I\par'.


LaTeX Warning: Command \v invalid in math mode on input line 115.

! Please use \mathaccent for accents in math mode.
\add@accent ...@spacefactor \spacefactor }\accent 
                                                  #1 #2}\spacefactor \accent...
l.115 ...ath}A(x+y) = Ax + Ay = \v 0 + \v 0 = \v 0
                                                  .
I'm changing \accent to \mathaccent here; wish me luck.
(Accents are not the same in formulas as they are in text.)

! You can't use `\spacefactor' in display math mode.
\add@accent ...factor }\accent #1 #2}\spacefactor 
                                                  \accent@spacefactor 
l.115 ...ath}A(x+y) = Ax + Ay = \v 0 + \v 0 = \v 0
                                                  .
Sorry, but I'm not programmed to handle this case;
I'll just pretend that you didn't ask for it.
If you're in the wrong mode, you might be able to
return to the right one by typing `I}' or `I$' or `I\par'.

Missing character: There is no ^^e8 in font cmex10!
Missing character: There is no ^^e8 in font cmex10!
Missing character: There is no ^^e8 in font cmex10!
l2hSize :displaymath165:24.0pt::0.0pt::349.0pt.
[3


]

LaTeX Warning: Command \v invalid in math mode on input line 122.

! Please use \mathaccent for accents in math mode.
\add@accent ...@spacefactor \spacefactor }\accent 
                                                  #1 #2}\spacefactor \accent...
l.122 \begin{displaymath}A(cx) = cAx = c\v 0
                                             = \v 0.
I'm changing \accent to \mathaccent here; wish me luck.
(Accents are not the same in formulas as they are in text.)

! You can't use `\spacefactor' in display math mode.
\add@accent ...factor }\accent #1 #2}\spacefactor 
                                                  \accent@spacefactor 
l.122 \begin{displaymath}A(cx) = cAx = c\v 0
                                             = \v 0.
Sorry, but I'm not programmed to handle this case;
I'll just pretend that you didn't ask for it.
If you're in the wrong mode, you might be able to
return to the right one by typing `I}' or `I$' or `I\par'.


LaTeX Warning: Command \v invalid in math mode on input line 122.

! Please use \mathaccent for accents in math mode.
\add@accent ...@spacefactor \spacefactor }\accent 
                                                  #1 #2}\spacefactor \accent...
l.122 ...in{displaymath}A(cx) = cAx = c\v 0 = \v 0
                                                  .
I'm changing \accent to \mathaccent here; wish me luck.
(Accents are not the same in formulas as they are in text.)

! You can't use `\spacefactor' in display math mode.
\add@accent ...factor }\accent #1 #2}\spacefactor 
                                                  \accent@spacefactor 
l.122 ...in{displaymath}A(cx) = cAx = c\v 0 = \v 0
                                                  .
Sorry, but I'm not programmed to handle this case;
I'll just pretend that you didn't ask for it.
If you're in the wrong mode, you might be able to
return to the right one by typing `I}' or `I$' or `I\par'.

Missing character: There is no ^^e8 in font cmex10!
Missing character: There is no ^^e8 in font cmex10!
l2hSize :displaymath166:24.0pt::0.0pt::349.0pt.
[4


]
l2hSize :displaymath167:50.99995pt::0.0pt::349.0pt.
[5


]
l2hSize :displaymath168:24.0pt::0.0pt::349.0pt.
[6


]
l2hSize :tex2html_wrap_inline238:11.38661pt::11.38661pt::68.16193pt.
[7


]
l2hSize :displaymath169:65.49994pt::0.0pt::349.0pt.
[8


]
l2hSize :displaymath170:65.49994pt::0.0pt::349.0pt.
[9


]
l2hSize :displaymath171:65.49994pt::0.0pt::349.0pt.
[10


]
l2hSize :displaymath172:65.49994pt::0.0pt::349.0pt.
[11


]
l2hSize :displaymath174:50.99995pt::0.0pt::349.0pt.
[12


]
l2hSize :displaymath175:31.58282pt::0.0pt::349.0pt.
[13


]
l2hSize :tex2html_wrap_inline260:9.5pt::9.5pt::49.65233pt.
[14


]

LaTeX Warning: Command \v invalid in math mode on input line 251.

! Please use \mathaccent for accents in math mode.
\add@accent ...@spacefactor \spacefactor }\accent 
                                                  #1 #2}\spacefactor \accent...
l.251 $u = \v 0
               $%
I'm changing \accent to \mathaccent here; wish me luck.
(Accents are not the same in formulas as they are in text.)

! You can't use `\spacefactor' in math mode.
\add@accent ...factor }\accent #1 #2}\spacefactor 
                                                  \accent@spacefactor 
l.251 $u = \v 0
               $%
Sorry, but I'm not programmed to handle this case;
I'll just pretend that you didn't ask for it.
If you're in the wrong mode, you might be able to
return to the right one by typing `I}' or `I$' or `I\par'.

Missing character: There is no ^^e8 in font cmex10!
l2hSize :tex2html_wrap_inline264:10.1083pt::0.0pt::28.36772pt.
[15


]
l2hSize :displaymath177:24.0pt::0.0pt::349.0pt.
[16


]
l2hSize :eqnarraystar46:52.5pt::0.0pt::349.0pt.
[17


]
l2hSize :displaymath178:65.49994pt::0.0pt::349.0pt.
[18


]
l2hSize :displaymath179:65.49994pt::0.0pt::349.0pt.
[19


]
l2hSize :displaymath180:65.49994pt::0.0pt::349.0pt.
[20


]
l2hSize :displaymath181:65.49994pt::0.0pt::349.0pt.
[21


]
l2hSize :displaymath182:65.49994pt::0.0pt::349.0pt.
[22


]
l2hSize :tex2html_wrap_inline302:9.51027pt::0.0pt::64.50249pt.
[23


]
l2hSize :displaymath183:32.18282pt::0.0pt::349.0pt.
[24


]
l2hSize :tex2html_wrap_inline304:8.33331pt::0.0pt::25.66084pt.
[25


]
l2hSize :displaymath185:31.58282pt::0.0pt::349.0pt.
[26


]
l2hSize :displaymath186:44.49995pt::0.0pt::349.0pt.
[27


]
l2hSize :tex2html_wrap_inline328:8.7pt::8.7pt::28.31967pt.
[28


]
l2hSize :displaymath187:50.99995pt::0.0pt::349.0pt.
[29


]
l2hSize :displaymath188:50.99995pt::0.0pt::349.0pt.
[30


]
l2hSize :displaymath189:50.99995pt::0.0pt::349.0pt.
[31


] (./images.aux) ) 
Here is how much of TeX's memory you used:
 1200 strings out of 10872
 14560 string characters out of 70739
 62310 words of memory out of 263001
 4149 multiletter control sequences out of 10000+0
 7050 words of font info for 26 fonts, out of 200000 for 1000
 14 hyphenation exceptions out of 1000
 27i,9n,20p,204b,229s stack positions out of 300i,100n,500p,200000b,4000s

Output written on images.dvi (31 pages, 13108 bytes).
