This is TeX, Version 3.14159 (Web2C 7.3.2x) (format=latex 2000.11.2)  9 OCT 2002 09:36
**./images.tex
(./images.tex
LaTeX2e <1999/12/01> patch level 1
Babel <v3.6Z> and hyphenation patterns for english, french, german, ngerman, du
mylang, nohyphenation, loaded.

(/opt-cassandra/TeXLive5/texmf/tex/latex/base/article.cls
Document Class: article 1999/09/10 v1.4a Standard LaTeX document class
(/opt-cassandra/TeXLive5/texmf/tex/latex/base/size11.clo
File: size11.clo 1999/09/10 v1.4a Standard LaTeX file (size option)
)
\c@part=\count79
\c@section=\count80
\c@subsection=\count81
\c@subsubsection=\count82
\c@paragraph=\count83
\c@subparagraph=\count84
\c@figure=\count85
\c@table=\count86
\abovecaptionskip=\skip41
\belowcaptionskip=\skip42
\bibindent=\dimen102
) (/opt-cassandra/TeXLive5/texmf/tex/latex/graphics/graphicx.sty
Package: graphicx 1999/02/16 v1.0f Enhanced LaTeX Graphics (DPC,SPQR)
(/opt-cassandra/TeXLive5/texmf/tex/latex/graphics/keyval.sty
Package: keyval 1999/03/16 v1.13 key=value parser (DPC)
\KV@toks@=\toks14
) (/opt-cassandra/TeXLive5/texmf/tex/latex/graphics/graphics.sty
Package: graphics 1999/02/16 v1.0l Standard LaTeX Graphics (DPC,SPQR)
(/opt-cassandra/TeXLive5/texmf/tex/latex/graphics/trig.sty
Package: trig 1999/03/16 v1.09 sin cos tan (DPC)
) (/opt-cassandra/TeXLive5/texmf/tex/latex/texlive/graphics.cfg)
Package graphics Info: Driver file: dvips.def on input line 80.
(/opt-cassandra/TeXLive5/texmf/tex/latex/graphics/dvips.def
File: dvips.def 1999/02/16 v3.0i Driver-dependant file (DPC,SPQR)
))
\Gin@req@height=\dimen103
\Gin@req@width=\dimen104
) (/opt-cassandra/TeXLive5/texmf/tex/latex/amslatex/amsmath.sty
Package: amsmath 2000/06/06 v2.12 AMS math features
\@mathmargin=\skip43
For additional information on amsmath, use the `?' option.
(/opt-cassandra/TeXLive5/texmf/tex/latex/amslatex/amstext.sty
Package: amstext 1999/11/15 v2.0
(/opt-cassandra/TeXLive5/texmf/tex/latex/amslatex/amsgen.sty
File: amsgen.sty 1999/11/30 v2.0
\@emptytoks=\toks15
\ex@=\dimen105
)) (/opt-cassandra/TeXLive5/texmf/tex/latex/amslatex/amsbsy.sty
Package: amsbsy 1999/11/29 v1.2d
\pmbraise@=\dimen106
) (/opt-cassandra/TeXLive5/texmf/tex/latex/amslatex/amsopn.sty
Package: amsopn 1999/12/14 v2.01 operator names
)
\inf@bad=\count87
LaTeX Info: Redefining \frac on input line 211.
\uproot@=\count88
\leftroot@=\count89
LaTeX Info: Redefining \overline on input line 307.
\classnum@=\count90
\DOTSCASE@=\count91
LaTeX Info: Redefining \ldots on input line 379.
LaTeX Info: Redefining \dots on input line 382.
LaTeX Info: Redefining \cdots on input line 467.
\Mathstrutbox@=\box26
\strutbox@=\box27
\big@size=\dimen107
LaTeX Font Info:    Redeclaring font encoding OML on input line 567.
LaTeX Font Info:    Redeclaring font encoding OMS on input line 568.
\macc@depth=\count92
\c@MaxMatrixCols=\count93
\dotsspace@=\muskip10
\c@parentequation=\count94
\dspbrk@lvl=\count95
\tag@help=\toks16
\row@=\count96
\column@=\count97
\maxfields@=\count98
\andhelp@=\toks17
\eqnshift@=\dimen108
\alignsep@=\dimen109
\tagshift@=\dimen110
\tagwidth@=\dimen111
\totwidth@=\dimen112
\lineht@=\dimen113
\@envbody=\toks18
\multlinegap=\skip44
\multlinetaggap=\skip45
\mathdisplay@stack=\toks19
LaTeX Info: Redefining \[ on input line 2662.
LaTeX Info: Redefining \] on input line 2663.
) (/opt-cassandra/TeXLive5/texmf/tex/latex/graphics/color.sty
Package: color 1999/02/16 v1.0i Standard LaTeX Color (DPC)
(/opt-cassandra/TeXLive5/texmf/tex/latex/texlive/color.cfg)
Package color Info: Driver file: dvips.def on input line 125.
(/opt-cassandra/TeXLive5/texmf/tex/latex/graphics/dvipsnam.def
File: dvipsnam.def 1999/02/16 v3.0i Driver-dependant file (DPC,SPQR)
))
\sizebox=\box28
\lthtmlwrite=\write3
(./images.aux)
\openout1 = `images.aux'.

LaTeX Font Info:    Checking defaults for OML/cmm/m/it on input line 81.
LaTeX Font Info:    ... okay on input line 81.
LaTeX Font Info:    Checking defaults for T1/cmr/m/n on input line 81.
LaTeX Font Info:    ... okay on input line 81.
LaTeX Font Info:    Checking defaults for OT1/cmr/m/n on input line 81.
LaTeX Font Info:    ... okay on input line 81.
LaTeX Font Info:    Checking defaults for OMS/cmsy/m/n on input line 81.
LaTeX Font Info:    ... okay on input line 81.
LaTeX Font Info:    Checking defaults for OMX/cmex/m/n on input line 81.
LaTeX Font Info:    ... okay on input line 81.
LaTeX Font Info:    Checking defaults for U/cmr/m/n on input line 81.
LaTeX Font Info:    ... okay on input line 81.
latex2htmlLength hsize=349.0pt
latex2htmlLength vsize=681.295pt
latex2htmlLength hoffset=0.0pt
latex2htmlLength voffset=0.0pt
latex2htmlLength topmargin=0.0pt
latex2htmlLength topskip=0.00003pt
latex2htmlLength headheight=0.0pt
latex2htmlLength headsep=0.0pt
latex2htmlLength parskip=0.0pt plus 1.0pt
latex2htmlLength oddsidemargin=0.0pt
latex2htmlLength evensidemargin=0.0pt
File: hyperbola.eps Graphic file (type eps)
<hyperbola.eps>
l2hSize :tex2html_wrap260:219.05289pt::0.0pt::349.0pt.
[1


]
l2hSize :displaymath146:31.54813pt::0.0pt::349.0pt.
[2


]
l2hSize :tex2html_wrap_inline194:10.36691pt::10.36691pt::15.43156pt.
[3


]
l2hSize :displaymath147:31.54813pt::0.0pt::349.0pt.
[4


]
l2hSize :displaymath148:40.35031pt::0.0pt::349.0pt.
[5


]
l2hSize :tex2html_wrap_inline206:8.7125pt::8.7125pt::56.64763pt.
[6


]
l2hSize :tex2html_wrap_inline32:7.07185pt::0.0pt::5.475pt.
[7


]
l2hSize :tex2html_wrap_inline212:8.7125pt::8.7125pt::38.32506pt.
[8


]
l2hSize :tex2html_wrap_inline216:8.7125pt::8.7125pt::29.80836pt.
[9


]
l2hSize :displaymath150:29.13109pt::0.0pt::349.0pt.
[10


]
l2hSize :displaymath151:25.65132pt::0.0pt::349.0pt.
[11


]
l2hSize :displaymath152:22.8375pt::0.0pt::349.0pt.
[12


]
l2hSize :tex2html_wrap_inline224:8.2558pt::8.2558pt::28.42625pt.
[13


]
l2hSize :displaymath153:32.35295pt::0.0pt::349.0pt.
[14


]
l2hSize :tex2html_wrap_inline228:9.80754pt::9.80754pt::52.98994pt.
[15


]
l2hSize :gather65:43.6556pt::0.0pt::349.0pt.
[16


]
l2hSize :displaymath154:40.35031pt::0.0pt::349.0pt.
[17


]
l2hSize :displaymath155:32.46063pt::0.0pt::349.0pt.
[18


]
l2hSize :eqnarraystar83:69.62788pt::0.0pt::349.0pt.
[19


]
l2hSize :displaymath156:31.1958pt::0.0pt::349.0pt.
[20


]
l2hSize :eqnarraystar98:143.01653pt::0.0pt::349.0pt.
[21


]
l2hSize :displaymath157:33.36888pt::0.0pt::349.0pt.
[22


]
l2hSize :displaymath158:34.28561pt::0.0pt::349.0pt.
[23


]
l2hSize :displaymath159:22.8375pt::0.0pt::349.0pt.
[24


]
l2hSize :displaymath160:22.8375pt::0.0pt::349.0pt.
[25


] (./images.aux) ) 
Here is how much of TeX's memory you used:
 1340 strings out of 10872
 16473 string characters out of 70739
 66404 words of memory out of 263001
 4278 multiletter control sequences out of 10000+0
 7053 words of font info for 26 fonts, out of 200000 for 1000
 14 hyphenation exceptions out of 1000
 27i,9n,20p,204b,232s stack positions out of 300i,100n,500p,200000b,4000s

Output written on images.dvi (25 pages, 9688 bytes).
