This is TeX, Version 3.14159 (Web2C 7.3.3.1) (format=latex 2001.9.20)  17 MAY 2002 15:54
**./images.tex
(./images.tex
LaTeX2e <2000/06/01>
Loading CZ hyphenation patterns: Pavel Sevecek, v3, 1995
Loading SK hyphenation patterns: Jana Chlebikova, 1992
Babel <v3.7h> and hyphenation patterns for english, dumylang, nohyphenation, cz
ech, slovak, german, ngerman, danish, spanish, catalan, finnish, french, ukengl
ish, greek, croatian, hungarian, italian, latin, mongolian, dutch, norwegian, p
olish, portuguese, russian, ukrainian, serbocroat, swedish, loaded.

(/opt-cassandra/TeXLive6/texmf/tex/latex/base/article.cls
Document Class: article 2000/05/19 v1.4b Standard LaTeX document class
(/opt-cassandra/TeXLive6/texmf/tex/latex/base/size12.clo
File: size12.clo 2000/05/19 v1.4b Standard LaTeX file (size option)
)
\c@part=\count79
\c@section=\count80
\c@subsection=\count81
\c@subsubsection=\count82
\c@paragraph=\count83
\c@subparagraph=\count84
\c@figure=\count85
\c@table=\count86
\abovecaptionskip=\skip41
\belowcaptionskip=\skip42
\bibindent=\dimen102
) (/opt-cassandra/TeXLive6/texmf/tex/latex/graphics/graphicx.sty
Package: graphicx 1999/02/16 v1.0f Enhanced LaTeX Graphics (DPC,SPQR)
(/opt-cassandra/TeXLive6/texmf/tex/latex/graphics/keyval.sty
Package: keyval 1999/03/16 v1.13 key=value parser (DPC)
\KV@toks@=\toks14
) (/opt-cassandra/TeXLive6/texmf/tex/latex/graphics/graphics.sty
Package: graphics 1999/02/16 v1.0l Standard LaTeX Graphics (DPC,SPQR)
(/opt-cassandra/TeXLive6/texmf/tex/latex/graphics/trig.sty
Package: trig 1999/03/16 v1.09 sin cos tan (DPC)
) (/opt-cassandra/TeXLive6/texmf/tex/latex/texlive/graphics.cfg
File: graphics.cfg 2001/03/31 v1.0 graphics configuration of teTeX/TeXLive
)
Package graphics Info: Driver file: dvips.def on input line 80.
(/opt-cassandra/TeXLive6/texmf/tex/latex/graphics/dvips.def
File: dvips.def 1999/02/16 v3.0i Driver-dependant file (DPC,SPQR)
))
\Gin@req@height=\dimen103
\Gin@req@width=\dimen104
) (/opt-cassandra/TeXLive6/texmf/tex/latex/amslatex/amsmath.sty
Package: amsmath 2000/07/18 v2.13 AMS math features
\@mathmargin=\skip43
For additional information on amsmath, use the `?' option.
(/opt-cassandra/TeXLive6/texmf/tex/latex/amslatex/amstext.sty
Package: amstext 2000/06/29 v2.01
(/opt-cassandra/TeXLive6/texmf/tex/latex/amslatex/amsgen.sty
File: amsgen.sty 1999/11/30 v2.0
\@emptytoks=\toks15
\ex@=\dimen105
)) (/opt-cassandra/TeXLive6/texmf/tex/latex/amslatex/amsbsy.sty
Package: amsbsy 1999/11/29 v1.2d
\pmbraise@=\dimen106
) (/opt-cassandra/TeXLive6/texmf/tex/latex/amslatex/amsopn.sty
Package: amsopn 1999/12/14 v2.01 operator names
)
\inf@bad=\count87
LaTeX Info: Redefining \frac on input line 211.
\uproot@=\count88
\leftroot@=\count89
LaTeX Info: Redefining \overline on input line 307.
\classnum@=\count90
\DOTSCASE@=\count91
LaTeX Info: Redefining \ldots on input line 379.
LaTeX Info: Redefining \dots on input line 382.
LaTeX Info: Redefining \cdots on input line 467.
\Mathstrutbox@=\box26
\strutbox@=\box27
\big@size=\dimen107
LaTeX Font Info:    Redeclaring font encoding OML on input line 567.
LaTeX Font Info:    Redeclaring font encoding OMS on input line 568.
\macc@depth=\count92
\c@MaxMatrixCols=\count93
\dotsspace@=\muskip10
\c@parentequation=\count94
\dspbrk@lvl=\count95
\tag@help=\toks16
\row@=\count96
\column@=\count97
\maxfields@=\count98
\andhelp@=\toks17
\eqnshift@=\dimen108
\alignsep@=\dimen109
\tagshift@=\dimen110
\tagwidth@=\dimen111
\totwidth@=\dimen112
\lineht@=\dimen113
\@envbody=\toks18
\multlinegap=\skip44
\multlinetaggap=\skip45
\mathdisplay@stack=\toks19
LaTeX Info: Redefining \[ on input line 2666.
LaTeX Info: Redefining \] on input line 2667.
) (/opt-cassandra/TeXLive6/texmf/tex/latex/graphics/color.sty
Package: color 1999/02/16 v1.0i Standard LaTeX Color (DPC)
(/opt-cassandra/TeXLive6/texmf/tex/latex/texlive/color.cfg
File: color.cfg 2001/03/31 v1.0 color configuration of teTeX/TeXLive
)
Package color Info: Driver file: dvips.def on input line 125.
(/opt-cassandra/TeXLive6/texmf/tex/latex/graphics/dvipsnam.def
File: dvipsnam.def 1999/02/16 v3.0i Driver-dependant file (DPC,SPQR)
))
\sizebox=\box28
\lthtmlwrite=\write3
(./images.aux)
\openout1 = `images.aux'.

LaTeX Font Info:    Checking defaults for OML/cmm/m/it on input line 84.
LaTeX Font Info:    ... okay on input line 84.
LaTeX Font Info:    Checking defaults for T1/cmr/m/n on input line 84.
LaTeX Font Info:    ... okay on input line 84.
LaTeX Font Info:    Checking defaults for OT1/cmr/m/n on input line 84.
LaTeX Font Info:    ... okay on input line 84.
LaTeX Font Info:    Checking defaults for OMS/cmsy/m/n on input line 84.
LaTeX Font Info:    ... okay on input line 84.
LaTeX Font Info:    Checking defaults for OMX/cmex/m/n on input line 84.
LaTeX Font Info:    ... okay on input line 84.
LaTeX Font Info:    Checking defaults for U/cmr/m/n on input line 84.
LaTeX Font Info:    ... okay on input line 84.
latex2htmlLength hsize=349.0pt
latex2htmlLength vsize=681.295pt
latex2htmlLength hoffset=0.0pt
latex2htmlLength voffset=0.0pt
latex2htmlLength topmargin=0.0pt
latex2htmlLength topskip=0.00003pt
latex2htmlLength headheight=0.0pt
latex2htmlLength headsep=0.0pt
latex2htmlLength parskip=0.0pt plus 1.0pt
latex2htmlLength oddsidemargin=0.0pt
latex2htmlLength evensidemargin=0.0pt
l2hSize :tex2html_wrap_inline147:9.5pt::9.5pt::46.33987pt.
[1


]
l2hSize :tex2html_wrap_inline149:9.29916pt::9.29916pt::47.11768pt.
[2


]
l2hSize :displaymath127:23.63336pt::0.0pt::349.0pt.
[3


]
l2hSize :displaymath128:32.49945pt::0.0pt::349.0pt.
[4


]
l2hSize :tex2html_wrap_inline153:10.38034pt::10.38034pt::44.54471pt.
[5


]
l2hSize :displaymath129:22.0pt::0.0pt::349.0pt.
[6


]
l2hSize :tex2html_wrap_inline155:8.83331pt::8.83331pt::56.64752pt.
[7


]
l2hSize :displaymath130:31.58282pt::0.0pt::349.0pt.
[8


]
l2hSize :displaymath131:33.16466pt::0.0pt::349.0pt.
[9


]
l2hSize :displaymath132:31.58282pt::0.0pt::349.0pt.
[10


]
Overfull \hbox (98.6528pt too wide) in alignment at lines 168--176
 [][][] []
 []

l2hSize :eqnarraystar38:105.63448pt::0.0pt::349.0pt.
[11


]
l2hSize :gatherstar63:53.85004pt::0.0pt::349.0pt.
[12


]
l2hSize :gatherstar65:53.85004pt::0.0pt::349.0pt.
[13


]
l2hSize :displaymath133:24.0pt::0.0pt::349.0pt.
[14


]
l2hSize :tex2html_wrap_inline185:9.5pt::9.5pt::22.08586pt.
[15


]
l2hSize :tex2html_wrap_inline193:9.5pt::9.5pt::74.28271pt.
[16


]
l2hSize :displaymath134:33.8495pt::0.0pt::349.0pt.
[17


]
l2hSize :tex2html_wrap_inline195:9.5pt::9.5pt::74.28271pt.
[18


]
l2hSize :tex2html_wrap_inline199:9.5pt::9.5pt::74.28271pt.
[19


]
l2hSize :tex2html_wrap_inline203:9.5pt::9.5pt::26.30121pt.
[20


]
l2hSize :tex2html_wrap_inline207:11.33109pt::11.33109pt::26.9583pt.
[21


]
l2hSize :gatherstar81:53.85004pt::0.0pt::349.0pt.
[22


]
l2hSize :tex2html_wrap_inline213:11.33109pt::11.33109pt::35.78961pt.
[23


]
l2hSize :displaymath135:32.18282pt::0.0pt::349.0pt.
[24


]
l2hSize :displaymath136:38.2672pt::0.0pt::349.0pt.
[25


]
l2hSize :gatherstar94:71.35004pt::0.0pt::349.0pt.
[26


]
l2hSize :gatherstar96:71.35004pt::0.0pt::349.0pt.
[27


]
l2hSize :tex2html_wrap_inline221:9.5pt::9.5pt::80.47865pt.
[28


]
l2hSize :gatherstar100:71.35004pt::0.0pt::349.0pt.
[29


]
l2hSize :gatherstar102:71.35004pt::0.0pt::349.0pt.
[30


]
l2hSize :tex2html_wrap_inline225:10.78033pt::10.78033pt::29.31517pt.
[31


]
l2hSize :tex2html_wrap_inline227:9.5pt::9.5pt::81.16309pt.
[32


] (./images.aux) ) 
Here is how much of TeX's memory you used:
 1345 strings out of 60985
 16470 string characters out of 4939378
 66358 words of memory out of 8000001
 4336 multiletter control sequences out of 10000+65535
 7813 words of font info for 27 fonts, out of 1000000 for 1000
 276 hyphenation exceptions out of 1000
 27i,10n,20p,204b,233s stack positions out of 15000i,4000n,6000p,200000b,40000s

Output written on images.dvi (32 pages, 10684 bytes).
