This is TeX, Version 3.14159 (Web2C 7.3.3.1) (format=latex 2001.9.20)  30 OCT 2001 14:50
**./images.tex
(./images.tex
LaTeX2e <2000/06/01>
Loading CZ hyphenation patterns: Pavel Sevecek, v3, 1995
Loading SK hyphenation patterns: Jana Chlebikova, 1992
Babel <v3.7h> and hyphenation patterns for english, dumylang, nohyphenation, cz
ech, slovak, german, ngerman, danish, spanish, catalan, finnish, french, ukengl
ish, greek, croatian, hungarian, italian, latin, mongolian, dutch, norwegian, p
olish, portuguese, russian, ukrainian, serbocroat, swedish, loaded.

(/opt-cassandra/TeXLive6/texmf/tex/latex/base/article.cls
Document Class: article 2000/05/19 v1.4b Standard LaTeX document class
(/opt-cassandra/TeXLive6/texmf/tex/latex/base/fleqn.clo
File: fleqn.clo 1998/08/17 v1.1c Standard LaTeX option (flush left equations)
\mathindent=\dimen102
) (/opt-cassandra/TeXLive6/texmf/tex/latex/base/size12.clo
File: size12.clo 2000/05/19 v1.4b Standard LaTeX file (size option)
)
\c@part=\count79
\c@section=\count80
\c@subsection=\count81
\c@subsubsection=\count82
\c@paragraph=\count83
\c@subparagraph=\count84
\c@figure=\count85
\c@table=\count86
\abovecaptionskip=\skip41
\belowcaptionskip=\skip42
\bibindent=\dimen103
) (/opt-cassandra/TeXLive6/texmf/tex/latex/amsfonts/amssymb.sty
Package: amssymb 1996/11/03 v2.2b
(/opt-cassandra/TeXLive6/texmf/tex/latex/amsfonts/amsfonts.sty
Package: amsfonts 1997/09/17 v2.2e
\@emptytoks=\toks14
\symAMSa=\mathgroup4
\symAMSb=\mathgroup5
LaTeX Font Info:    Overwriting math alphabet `\mathfrak' in version `bold'
(Font)                  U/euf/m/n --> U/euf/b/n on input line 133.
)) (/opt-cassandra/TeXLive6/texmf/tex/latex/graphics/color.sty
Package: color 1999/02/16 v1.0i Standard LaTeX Color (DPC)
(/opt-cassandra/TeXLive6/texmf/tex/latex/texlive/color.cfg
File: color.cfg 2001/03/31 v1.0 color configuration of teTeX/TeXLive
)
Package color Info: Driver file: dvips.def on input line 125.
(/opt-cassandra/TeXLive6/texmf/tex/latex/graphics/dvips.def
File: dvips.def 1999/02/16 v3.0i Driver-dependant file (DPC,SPQR)
) (/opt-cassandra/TeXLive6/texmf/tex/latex/graphics/dvipsnam.def
File: dvipsnam.def 1999/02/16 v3.0i Driver-dependant file (DPC,SPQR)
))
\sizebox=\box26
\lthtmlwrite=\write3
(./images.aux)
\openout1 = `images.aux'.

LaTeX Font Info:    Checking defaults for OML/cmm/m/it on input line 82.
LaTeX Font Info:    ... okay on input line 82.
LaTeX Font Info:    Checking defaults for T1/cmr/m/n on input line 82.
LaTeX Font Info:    ... okay on input line 82.
LaTeX Font Info:    Checking defaults for OT1/cmr/m/n on input line 82.
LaTeX Font Info:    ... okay on input line 82.
LaTeX Font Info:    Checking defaults for OMS/cmsy/m/n on input line 82.
LaTeX Font Info:    ... okay on input line 82.
LaTeX Font Info:    Checking defaults for OMX/cmex/m/n on input line 82.
LaTeX Font Info:    ... okay on input line 82.
LaTeX Font Info:    Checking defaults for U/cmr/m/n on input line 82.
LaTeX Font Info:    ... okay on input line 82.
latex2htmlLength hsize=349.0pt
latex2htmlLength vsize=681.295pt
latex2htmlLength hoffset=0.0pt
latex2htmlLength voffset=0.0pt
latex2htmlLength topmargin=0.0pt
latex2htmlLength topskip=0.00003pt
latex2htmlLength headheight=0.0pt
latex2htmlLength headsep=0.0pt
latex2htmlLength parskip=0.0pt plus 1.0pt
latex2htmlLength oddsidemargin=-18.06749pt
latex2htmlLength evensidemargin=-18.06749pt
LaTeX Font Info:    Try loading font information for U+msa on input line 100.
(/opt-cassandra/TeXLive6/texmf/tex/latex/amsfonts/umsa.fd
File: umsa.fd 1995/01/05 v2.2e AMS font definitions
)
LaTeX Font Info:    Try loading font information for U+msb on input line 100.
(/opt-cassandra/TeXLive6/texmf/tex/latex/amsfonts/umsb.fd
File: umsb.fd 1995/01/05 v2.2e AMS font definitions
)
l2hSize :displaymath355:69.49995pt::0.0pt::349.0pt.
[1


]
l2hSize :displaymath356:69.49995pt::0.0pt::349.0pt.
[2


]
l2hSize :displaymath357:69.49995pt::0.0pt::349.0pt.
[3


]
l2hSize :displaymath358:69.49995pt::0.0pt::349.0pt.
[4


]
l2hSize :tex2html_wrap_inline423:7.75pt::0.0pt::7.125pt.
[5


]
l2hSize :eqnarraystar80:117.99991pt::0.0pt::349.0pt.
[6


]
l2hSize :displaymath359:69.49995pt::0.0pt::349.0pt.
[7


]
l2hSize :displaymath360:69.49995pt::0.0pt::349.0pt.
[8


]
l2hSize :tex2html_wrap_inline427:8.25pt::8.25pt::29.711pt.
[9


]
l2hSize :displaymath361:69.49995pt::0.0pt::349.0pt.
[10


]
l2hSize :displaymath362:69.49995pt::0.0pt::349.0pt.
[11


]
l2hSize :tex2html_wrap_inline429:7.75pt::0.0pt::7.54993pt.
[12


]
l2hSize :displaymath363:50.08282pt::0.0pt::349.0pt.
[13


]
l2hSize :displaymath364:69.49995pt::0.0pt::349.0pt.
[14


]
l2hSize :displaymath365:69.49995pt::0.0pt::349.0pt.
[15


]
l2hSize :displaymath366:50.08282pt::0.0pt::349.0pt.
[16


]
l2hSize :tex2html_wrap_inline433:10.38034pt::10.38034pt::15.98341pt.
[17


]
l2hSize :tex2html_wrap_inline441:8.33333pt::0.0pt::46.60513pt.
[18


]
l2hSize :tex2html_wrap_inline445:8.33333pt::0.0pt::10.16658pt.
[19


]
l2hSize :displaymath367:69.49995pt::0.0pt::349.0pt.
[20


]
l2hSize :tex2html_wrap_inline459:8.23334pt::0.0pt::14.3499pt.
[21


]
l2hSize :tex2html_wrap_inline467:8.83333pt::8.83333pt::54.34944pt.
[22


]
l2hSize :eqnarraystar162:83.23328pt::0.0pt::349.0pt.
[23


]
l2hSize :tex2html_wrap_inline473:8.83333pt::8.83333pt::27.21498pt.
[24


]
l2hSize :displaymath368:69.49995pt::0.0pt::349.0pt.
[25


]
l2hSize :tex2html_wrap_inline491:8.25pt::8.25pt::47.19841pt.
[26


]
l2hSize :displaymath369:69.49995pt::0.0pt::349.0pt.
[27


]
l2hSize :displaymath370:69.49995pt::0.0pt::349.0pt.
[28


]
l2hSize :displaymath371:69.49995pt::0.0pt::349.0pt.
[29


]
l2hSize :tex2html_wrap_inline493:8.25pt::8.25pt::49.58589pt.
[30


]
l2hSize :tex2html_wrap_inline495:8.25pt::8.25pt::49.58589pt.
[31


]
l2hSize :tex2html_wrap_inline497:8.25pt::8.25pt::12.22359pt.
[32


]
l2hSize :tex2html_wrap_inline499:8.25pt::8.25pt::33.90388pt.
[33


]
l2hSize :displaymath372:69.49995pt::0.0pt::349.0pt.
[34


]
l2hSize :displaymath373:69.49995pt::0.0pt::349.0pt.
[35


]
l2hSize :tex2html_wrap_inline501:8.33331pt::0.0pt::51.78206pt.
[36


]
l2hSize :tex2html_wrap_inline505:8.25pt::8.25pt::26.41649pt.
[37


]
l2hSize :displaymath374:69.49995pt::0.0pt::349.0pt.
[38


]
l2hSize :tex2html_wrap_inline509:9.51027pt::0.0pt::13.41675pt.
[39


]
Overfull \hbox (81.5076pt too wide) detected at line 400
$ []$ 
 []

l2hSize :displaymath375:83.99994pt::0.0pt::349.0pt.
[40


]
l2hSize :displaymath376:83.99994pt::0.0pt::349.0pt.
[41


]
l2hSize :displaymath377:83.99994pt::0.0pt::349.0pt.
[42


]
l2hSize :displaymath378:83.99994pt::0.0pt::349.0pt.
[43


]
l2hSize :tex2html_wrap_inline517:8.25pt::8.25pt::64.68582pt.
[44


]
Overfull \hbox (4.79596pt too wide) detected at line 446
$ []$ 
 []

l2hSize :displaymath379:83.99994pt::0.0pt::349.0pt.
[45


]
l2hSize :displaymath380:50.68285pt::0.0pt::349.0pt.
[46


]
l2hSize :tex2html_wrap_inline529:7.75pt::0.0pt::10.55992pt.
[47


]
l2hSize :displaymath381:83.99994pt::0.0pt::349.0pt.
[48


] (./images.aux) ) 
Here is how much of TeX's memory you used:
 851 strings out of 60985
 10577 string characters out of 4939378
 53177 words of memory out of 8000001
 3841 multiletter control sequences out of 10000+65535
 11826 words of font info for 42 fonts, out of 1000000 for 1000
 276 hyphenation exceptions out of 1000
 23i,13n,24p,184b,238s stack positions out of 15000i,4000n,6000p,200000b,40000s

Output written on images.dvi (48 pages, 21240 bytes).
